Nonterminals useless in grammar

   defs_s
   defs


Terminals unused in grammar

   DEFINE
   INSERT
   EXTRACT
   MINUS
   UNION
   INTERSECTION
   NEG
   COMEN
   ERR


Rules useless in grammar

  120 dec1: incs_s defs_s tipos_s
  121     | defs_s tipos_s
  122     | incs_s defs_s
  123     | defs_s

  124 defs_s: defs_s defs defs

  125 defs: DEFINE ID NUM


State 172 conflicts: 1 shift/reduce


Grammar

    0 $accept: prog $end

    1 prog: dec1 dec2
    2     | dec2

    3 dec1: incs_s tipos_s
    4     | incs_s
    5     | tipos_s

    6 dec2: vars_s procs_s main
    7     | vars_s main
    8     | procs_s main
    9     | main

   10 incs_s: incs_s incs
   11       | incs

   12 tipos_s: tipos_s tipos
   13        | tipos PYC

   14 vars_s: vars_s vars
   15       | vars

   16 procs_s: procs_s proc
   17        | proc

   18 incs: INCLUDE cabeceras

   19 cabeceras: CAB1
   20          | CAB2

   21 tipos: TYPEDEF tipo ID

   22 tipo: INT
   23     | FLOAT
   24     | CHAR
   25     | SET
   26     | ID
   27     | BOOL
   28     | STRING

   29 vars: tipo variables PYC

   30 variables: variables COMA variables_s
   31          | variables_s

   32 variables_s: variable
   33            | variable ASI expresion

   34 variable: ID
   35         | ID CORI NUM CORD

   36 proc: VOID ID PIZ params PDE cuerpo
   37     | VOID ID PIZ PDE cuerpo

   38 params: params COMA tipo ID
   39       | tipo ID

   40 sentencia: switch
   41          | if
   42          | while
   43          | in
   44          | out
   45          | proc
   46          | llamada_proc
   47          | llamada_conjunto PYC
   48          | expresion PYC

   49 switch: SWITCH PIZ ID PDE LLIZ casos_s caso_defecto LLDE
   50       | SWITCH PIZ ID PDE LLIZ caso_defecto LLDE
   51       | SWITCH PIZ ID PDE LLIZ casos_s LLDE
   52       | SWITCH PIZ ID PDE LLIZ LLDE

   53 casos_s: casos_s CASE literal PUNTOS sentencias BREAK PYC
   54        | CASE literal PUNTOS sentencias BREAK PYC
   55        | casos_s CASE literal PUNTOS BREAK PYC
   56        | CASE literal PUNTOS BREAK PYC

   57 literal: NUM
   58        | TEXTO_OUT

   59 sentencias: sentencias sentencia
   60           | sentencia

   61 caso_defecto: DEFAULT PUNTOS sentencias
   62             | DEFAULT PUNTOS

   63 bloque: LLIZ sentencias LLDE
   64       | sentencia
   65       | LLIZ LLDE

   66 if: IF expresion bloque ELSE bloque
   67   | IF expresion bloque

   68 expresion: expresion SUM expresion
   69          | expresion RES expresion
   70          | expresion MUL expresion
   71          | expresion DIV expresion
   72          | expresion AND expresion
   73          | expresion OR expresion
   74          | expresion MAYORIQ expresion
   75          | expresion MENORIQ expresion
   76          | expresion MAYORQ expresion
   77          | expresion MENORQ expresion
   78          | expresion DIST expresion
   79          | expresion II expresion
   80          | NUM
   81          | PIZ expresion PDE
   82          | NEGEXP expresion
   83          | ID
   84          | REAL
   85          | TRUE
   86          | FALSE
   87          | CARACTER
   88          | TEXTO_OUT
   89          | crea_conjunto
   90          | llamada_complementario
   91          | llamada_sivacio
   92          | llamada_length
   93          | ID ASI expresion

   94 while: WHILE PIZ expresion PDE bloque
   95      | WHILE PIZ expresion PDE PYC

   96 out: OUT PIZ TEXTO_OUT COMA ids PDE PYC
   97    | OUT PIZ TEXTO_OUT PDE PYC

   98 ids: ids COMA ID
   99    | ID

  100 in: IN PIZ OP_INOUT COMA ID PDE PYC

  101 llamada_proc: ID PIZ params_llamada PDE PYC
  102             | ID PIZ PDE PYC

  103 params_llamada: params_llamada COMA expresion
  104               | expresion

  105 main: VOID MAIN PIZ PDE cuerpo

  106 cuerpo: LLIZ vars_s sentencias LLDE
  107       | LLIZ sentencias LLDE
  108       | LLIZ vars_s LLDE
  109       | LLIZ LLDE

  110 llamada_conjunto: inserta_conjunto
  111                 | saca_conjunto
  112                 | destruye_conjunto

  113 crea_conjunto: CREATE PIZ PDE

  114 destruye_conjunto: DELETE PIZ ID PDE

  115 llamada_sivacio: EMPTY PIZ ID PDE

  116 llamada_length: LENGTH PIZ ID PDE

  117 inserta_conjunto: expresion ADDC ID

  118 saca_conjunto: expresion MINC ID

  119 llamada_complementario: COMPC expresion


Terminals, with rules where they appear

$end (0) 0
error (256)
CAB1 (258) 19
CAB2 (259) 20
CASE (260) 53 54 55 56
ID (261) 21 26 34 35 36 37 38 39 49 50 51 52 83 93 98 99 100 101 102
    114 115 116 117 118
NUM (262) 35 57 80
BREAK (263) 53 54 55 56
INT (264) 22
FLOAT (265) 23
CHAR (266) 24
SET (267) 25
TYPEDEF (268) 21
REAL (269) 84
STRING (270) 28
BOOL (271) 27
TRUE (272) 85
FALSE (273) 86
CARACTER (274) 87
TEXTO_OUT (275) 58 88 96 97
OP_INOUT (276) 100
EMPTY (277) 115
LENGTH (278) 116
VOID (279) 36 37 105
SWITCH (280) 49 50 51 52
WHILE (281) 94 95
INCLUDE (282) 18
DEFINE (283)
IF (284) 66 67
IN (285) 100
OUT (286) 96 97
DEFAULT (287) 61 62
ELSE (288) 66
CREATE (289) 113
INSERT (290)
MAIN (291) 105
EXTRACT (292)
DELETE (293) 114
MINUS (294)
UNION (295)
INTERSECTION (296)
NEG (297)
PIZ (298) 36 37 49 50 51 52 81 94 95 96 97 100 101 102 105 113 114
    115 116
PDE (299) 36 37 49 50 51 52 81 94 95 96 97 100 101 102 105 113 114
    115 116
COMEN (300)
ERR (301)
CORI (302) 35
CORD (303) 35
PUNTOS (304) 53 54 55 56 61 62
LLIZ (305) 49 50 51 52 63 65 106 107 108 109
LLDE (306) 49 50 51 52 63 65 106 107 108 109
PYC (307) 13 29 47 48 53 54 55 56 95 96 97 100 101 102
COMA (308) 30 38 96 98 100 103
ASI (309) 33 93
II (310) 79
DIST (311) 78
MENORQ (312) 77
MAYORQ (313) 76
MENORIQ (314) 75
MAYORIQ (315) 74
RES (316) 69
SUM (317) 68
DIV (318) 71
MUL (319) 70
OR (320) 73
AND (321) 72
COMPC (322) 119
MINC (323) 118
ADDC (324) 117
NEGEXP (325) 82


Nonterminals, with rules where they appear

$accept (71)
    on left: 0
prog (72)
    on left: 1 2, on right: 0
dec1 (73)
    on left: 3 4 5, on right: 1
dec2 (74)
    on left: 6 7 8 9, on right: 1 2
incs_s (75)
    on left: 10 11, on right: 3 4 10
tipos_s (76)
    on left: 12 13, on right: 3 5 12
vars_s (77)
    on left: 14 15, on right: 6 7 14 106 108
procs_s (78)
    on left: 16 17, on right: 6 8 16
incs (79)
    on left: 18, on right: 10 11
cabeceras (80)
    on left: 19 20, on right: 18
tipos (81)
    on left: 21, on right: 12 13
tipo (82)
    on left: 22 23 24 25 26 27 28, on right: 21 29 38 39
vars (83)
    on left: 29, on right: 14 15
variables (84)
    on left: 30 31, on right: 29 30
variables_s (85)
    on left: 32 33, on right: 30 31
variable (86)
    on left: 34 35, on right: 32 33
proc (87)
    on left: 36 37, on right: 16 17 45
params (88)
    on left: 38 39, on right: 36 38
sentencia (89)
    on left: 40 41 42 43 44 45 46 47 48, on right: 59 60 64
switch (90)
    on left: 49 50 51 52, on right: 40
casos_s (91)
    on left: 53 54 55 56, on right: 49 51 53 55
literal (92)
    on left: 57 58, on right: 53 54 55 56
sentencias (93)
    on left: 59 60, on right: 53 54 59 61 63 106 107
caso_defecto (94)
    on left: 61 62, on right: 49 50
bloque (95)
    on left: 63 64 65, on right: 66 67 94
if (96)
    on left: 66 67, on right: 41
expresion (97)
    on left: 68 69 70 71 72 73 74 75 76 77 78 79 80 81 82 83 84 85
    86 87 88 89 90 91 92 93, on right: 33 48 66 67 68 69 70 71 72 73
    74 75 76 77 78 79 81 82 93 94 95 103 104 117 118 119
while (98)
    on left: 94 95, on right: 42
out (99)
    on left: 96 97, on right: 44
ids (100)
    on left: 98 99, on right: 96 98
in (101)
    on left: 100, on right: 43
llamada_proc (102)
    on left: 101 102, on right: 46
params_llamada (103)
    on left: 103 104, on right: 101 103
main (104)
    on left: 105, on right: 6 7 8 9
cuerpo (105)
    on left: 106 107 108 109, on right: 36 37 105
llamada_conjunto (106)
    on left: 110 111 112, on right: 47
crea_conjunto (107)
    on left: 113, on right: 89
destruye_conjunto (108)
    on left: 114, on right: 112
llamada_sivacio (109)
    on left: 115, on right: 91
llamada_length (110)
    on left: 116, on right: 92
inserta_conjunto (111)
    on left: 117, on right: 110
saca_conjunto (112)
    on left: 118, on right: 111
llamada_complementario (113)
    on left: 119, on right: 90


state 0

    0 $accept: . prog $end

    ID       shift, and go to state 1
    INT      shift, and go to state 2
    FLOAT    shift, and go to state 3
    CHAR     shift, and go to state 4
    SET      shift, and go to state 5
    TYPEDEF  shift, and go to state 6
    STRING   shift, and go to state 7
    BOOL     shift, and go to state 8
    VOID     shift, and go to state 9
    INCLUDE  shift, and go to state 10

    prog     go to state 11
    dec1     go to state 12
    dec2     go to state 13
    incs_s   go to state 14
    tipos_s  go to state 15
    vars_s   go to state 16
    procs_s  go to state 17
    incs     go to state 18
    tipos    go to state 19
    tipo     go to state 20
    vars     go to state 21
    proc     go to state 22
    main     go to state 23


state 1

   26 tipo: ID .

    $default  reduce using rule 26 (tipo)


state 2

   22 tipo: INT .

    $default  reduce using rule 22 (tipo)


state 3

   23 tipo: FLOAT .

    $default  reduce using rule 23 (tipo)


state 4

   24 tipo: CHAR .

    $default  reduce using rule 24 (tipo)


state 5

   25 tipo: SET .

    $default  reduce using rule 25 (tipo)


state 6

   21 tipos: TYPEDEF . tipo ID

    ID      shift, and go to state 1
    INT     shift, and go to state 2
    FLOAT   shift, and go to state 3
    CHAR    shift, and go to state 4
    SET     shift, and go to state 5
    STRING  shift, and go to state 7
    BOOL    shift, and go to state 8

    tipo  go to state 24


state 7

   28 tipo: STRING .

    $default  reduce using rule 28 (tipo)


state 8

   27 tipo: BOOL .

    $default  reduce using rule 27 (tipo)


state 9

   36 proc: VOID . ID PIZ params PDE cuerpo
   37     | VOID . ID PIZ PDE cuerpo
  105 main: VOID . MAIN PIZ PDE cuerpo

    ID    shift, and go to state 25
    MAIN  shift, and go to state 26


state 10

   18 incs: INCLUDE . cabeceras

    CAB1  shift, and go to state 27
    CAB2  shift, and go to state 28

    cabeceras  go to state 29


state 11

    0 $accept: prog . $end

    $end  shift, and go to state 30


state 12

    1 prog: dec1 . dec2

    ID      shift, and go to state 1
    INT     shift, and go to state 2
    FLOAT   shift, and go to state 3
    CHAR    shift, and go to state 4
    SET     shift, and go to state 5
    STRING  shift, and go to state 7
    BOOL    shift, and go to state 8
    VOID    shift, and go to state 9

    dec2     go to state 31
    vars_s   go to state 16
    procs_s  go to state 17
    tipo     go to state 20
    vars     go to state 21
    proc     go to state 22
    main     go to state 23


state 13

    2 prog: dec2 .

    $default  reduce using rule 2 (prog)


state 14

    3 dec1: incs_s . tipos_s
    4     | incs_s .
   10 incs_s: incs_s . incs

    TYPEDEF  shift, and go to state 6
    INCLUDE  shift, and go to state 10

    $default  reduce using rule 4 (dec1)

    tipos_s  go to state 32
    incs     go to state 33
    tipos    go to state 19


state 15

    5 dec1: tipos_s .
   12 tipos_s: tipos_s . tipos

    TYPEDEF  shift, and go to state 6

    $default  reduce using rule 5 (dec1)

    tipos  go to state 34


state 16

    6 dec2: vars_s . procs_s main
    7     | vars_s . main
   14 vars_s: vars_s . vars

    ID      shift, and go to state 1
    INT     shift, and go to state 2
    FLOAT   shift, and go to state 3
    CHAR    shift, and go to state 4
    SET     shift, and go to state 5
    STRING  shift, and go to state 7
    BOOL    shift, and go to state 8
    VOID    shift, and go to state 9

    procs_s  go to state 35
    tipo     go to state 20
    vars     go to state 36
    proc     go to state 22
    main     go to state 37


state 17

    8 dec2: procs_s . main
   16 procs_s: procs_s . proc

    VOID  shift, and go to state 9

    proc  go to state 38
    main  go to state 39


state 18

   11 incs_s: incs .

    $default  reduce using rule 11 (incs_s)


state 19

   13 tipos_s: tipos . PYC

    PYC  shift, and go to state 40


state 20

   29 vars: tipo . variables PYC

    ID  shift, and go to state 41

    variables    go to state 42
    variables_s  go to state 43
    variable     go to state 44


state 21

   15 vars_s: vars .

    $default  reduce using rule 15 (vars_s)


state 22

   17 procs_s: proc .

    $default  reduce using rule 17 (procs_s)


state 23

    9 dec2: main .

    $default  reduce using rule 9 (dec2)


state 24

   21 tipos: TYPEDEF tipo . ID

    ID  shift, and go to state 45


state 25

   36 proc: VOID ID . PIZ params PDE cuerpo
   37     | VOID ID . PIZ PDE cuerpo

    PIZ  shift, and go to state 46


state 26

  105 main: VOID MAIN . PIZ PDE cuerpo

    PIZ  shift, and go to state 47


state 27

   19 cabeceras: CAB1 .

    $default  reduce using rule 19 (cabeceras)


state 28

   20 cabeceras: CAB2 .

    $default  reduce using rule 20 (cabeceras)


state 29

   18 incs: INCLUDE cabeceras .

    $default  reduce using rule 18 (incs)


state 30

    0 $accept: prog $end .

    $default  accept


state 31

    1 prog: dec1 dec2 .

    $default  reduce using rule 1 (prog)


state 32

    3 dec1: incs_s tipos_s .
   12 tipos_s: tipos_s . tipos

    TYPEDEF  shift, and go to state 6

    $default  reduce using rule 3 (dec1)

    tipos  go to state 34


state 33

   10 incs_s: incs_s incs .

    $default  reduce using rule 10 (incs_s)


state 34

   12 tipos_s: tipos_s tipos .

    $default  reduce using rule 12 (tipos_s)


state 35

    6 dec2: vars_s procs_s . main
   16 procs_s: procs_s . proc

    VOID  shift, and go to state 9

    proc  go to state 38
    main  go to state 48


state 36

   14 vars_s: vars_s vars .

    $default  reduce using rule 14 (vars_s)


state 37

    7 dec2: vars_s main .

    $default  reduce using rule 7 (dec2)


state 38

   16 procs_s: procs_s proc .

    $default  reduce using rule 16 (procs_s)


state 39

    8 dec2: procs_s main .

    $default  reduce using rule 8 (dec2)


state 40

   13 tipos_s: tipos PYC .

    $default  reduce using rule 13 (tipos_s)


state 41

   34 variable: ID .
   35         | ID . CORI NUM CORD

    CORI  shift, and go to state 49

    $default  reduce using rule 34 (variable)


state 42

   29 vars: tipo variables . PYC
   30 variables: variables . COMA variables_s

    PYC   shift, and go to state 50
    COMA  shift, and go to state 51


state 43

   31 variables: variables_s .

    $default  reduce using rule 31 (variables)


state 44

   32 variables_s: variable .
   33            | variable . ASI expresion

    ASI  shift, and go to state 52

    $default  reduce using rule 32 (variables_s)


state 45

   21 tipos: TYPEDEF tipo ID .

    $default  reduce using rule 21 (tipos)


state 46

   36 proc: VOID ID PIZ . params PDE cuerpo
   37     | VOID ID PIZ . PDE cuerpo

    ID      shift, and go to state 1
    INT     shift, and go to state 2
    FLOAT   shift, and go to state 3
    CHAR    shift, and go to state 4
    SET     shift, and go to state 5
    STRING  shift, and go to state 7
    BOOL    shift, and go to state 8
    PDE     shift, and go to state 53

    tipo    go to state 54
    params  go to state 55


state 47

  105 main: VOID MAIN PIZ . PDE cuerpo

    PDE  shift, and go to state 56


state 48

    6 dec2: vars_s procs_s main .

    $default  reduce using rule 6 (dec2)


state 49

   35 variable: ID CORI . NUM CORD

    NUM  shift, and go to state 57


state 50

   29 vars: tipo variables PYC .

    $default  reduce using rule 29 (vars)


state 51

   30 variables: variables COMA . variables_s

    ID  shift, and go to state 41

    variables_s  go to state 58
    variable     go to state 44


state 52

   33 variables_s: variable ASI . expresion

    ID         shift, and go to state 59
    NUM        shift, and go to state 60
    REAL       shift, and go to state 61
    TRUE       shift, and go to state 62
    FALSE      shift, and go to state 63
    CARACTER   shift, and go to state 64
    TEXTO_OUT  shift, and go to state 65
    EMPTY      shift, and go to state 66
    LENGTH     shift, and go to state 67
    CREATE     shift, and go to state 68
    PIZ        shift, and go to state 69
    COMPC      shift, and go to state 70
    NEGEXP     shift, and go to state 71

    expresion               go to state 72
    crea_conjunto           go to state 73
    llamada_sivacio         go to state 74
    llamada_length          go to state 75
    llamada_complementario  go to state 76


state 53

   37 proc: VOID ID PIZ PDE . cuerpo

    LLIZ  shift, and go to state 77

    cuerpo  go to state 78


state 54

   39 params: tipo . ID

    ID  shift, and go to state 79


state 55

   36 proc: VOID ID PIZ params . PDE cuerpo
   38 params: params . COMA tipo ID

    PDE   shift, and go to state 80
    COMA  shift, and go to state 81


state 56

  105 main: VOID MAIN PIZ PDE . cuerpo

    LLIZ  shift, and go to state 77

    cuerpo  go to state 82


state 57

   35 variable: ID CORI NUM . CORD

    CORD  shift, and go to state 83


state 58

   30 variables: variables COMA variables_s .

    $default  reduce using rule 30 (variables)


state 59

   83 expresion: ID .
   93          | ID . ASI expresion

    ASI  shift, and go to state 84

    $default  reduce using rule 83 (expresion)


state 60

   80 expresion: NUM .

    $default  reduce using rule 80 (expresion)


state 61

   84 expresion: REAL .

    $default  reduce using rule 84 (expresion)


state 62

   85 expresion: TRUE .

    $default  reduce using rule 85 (expresion)


state 63

   86 expresion: FALSE .

    $default  reduce using rule 86 (expresion)


state 64

   87 expresion: CARACTER .

    $default  reduce using rule 87 (expresion)


state 65

   88 expresion: TEXTO_OUT .

    $default  reduce using rule 88 (expresion)


state 66

  115 llamada_sivacio: EMPTY . PIZ ID PDE

    PIZ  shift, and go to state 85


state 67

  116 llamada_length: LENGTH . PIZ ID PDE

    PIZ  shift, and go to state 86


state 68

  113 crea_conjunto: CREATE . PIZ PDE

    PIZ  shift, and go to state 87


state 69

   81 expresion: PIZ . expresion PDE

    ID         shift, and go to state 59
    NUM        shift, and go to state 60
    REAL       shift, and go to state 61
    TRUE       shift, and go to state 62
    FALSE      shift, and go to state 63
    CARACTER   shift, and go to state 64
    TEXTO_OUT  shift, and go to state 65
    EMPTY      shift, and go to state 66
    LENGTH     shift, and go to state 67
    CREATE     shift, and go to state 68
    PIZ        shift, and go to state 69
    COMPC      shift, and go to state 70
    NEGEXP     shift, and go to state 71

    expresion               go to state 88
    crea_conjunto           go to state 73
    llamada_sivacio         go to state 74
    llamada_length          go to state 75
    llamada_complementario  go to state 76


state 70

  119 llamada_complementario: COMPC . expresion

    ID         shift, and go to state 59
    NUM        shift, and go to state 60
    REAL       shift, and go to state 61
    TRUE       shift, and go to state 62
    FALSE      shift, and go to state 63
    CARACTER   shift, and go to state 64
    TEXTO_OUT  shift, and go to state 65
    EMPTY      shift, and go to state 66
    LENGTH     shift, and go to state 67
    CREATE     shift, and go to state 68
    PIZ        shift, and go to state 69
    COMPC      shift, and go to state 70
    NEGEXP     shift, and go to state 71

    expresion               go to state 89
    crea_conjunto           go to state 73
    llamada_sivacio         go to state 74
    llamada_length          go to state 75
    llamada_complementario  go to state 76


state 71

   82 expresion: NEGEXP . expresion

    ID         shift, and go to state 59
    NUM        shift, and go to state 60
    REAL       shift, and go to state 61
    TRUE       shift, and go to state 62
    FALSE      shift, and go to state 63
    CARACTER   shift, and go to state 64
    TEXTO_OUT  shift, and go to state 65
    EMPTY      shift, and go to state 66
    LENGTH     shift, and go to state 67
    CREATE     shift, and go to state 68
    PIZ        shift, and go to state 69
    COMPC      shift, and go to state 70
    NEGEXP     shift, and go to state 71

    expresion               go to state 90
    crea_conjunto           go to state 73
    llamada_sivacio         go to state 74
    llamada_length          go to state 75
    llamada_complementario  go to state 76


state 72

   33 variables_s: variable ASI expresion .
   68 expresion: expresion . SUM expresion
   69          | expresion . RES expresion
   70          | expresion . MUL expresion
   71          | expresion . DIV expresion
   72          | expresion . AND expresion
   73          | expresion . OR expresion
   74          | expresion . MAYORIQ expresion
   75          | expresion . MENORIQ expresion
   76          | expresion . MAYORQ expresion
   77          | expresion . MENORQ expresion
   78          | expresion . DIST expresion
   79          | expresion . II expresion

    II       shift, and go to state 91
    DIST     shift, and go to state 92
    MENORQ   shift, and go to state 93
    MAYORQ   shift, and go to state 94
    MENORIQ  shift, and go to state 95
    MAYORIQ  shift, and go to state 96
    RES      shift, and go to state 97
    SUM      shift, and go to state 98
    DIV      shift, and go to state 99
    MUL      shift, and go to state 100
    OR       shift, and go to state 101
    AND      shift, and go to state 102

    $default  reduce using rule 33 (variables_s)


state 73

   89 expresion: crea_conjunto .

    $default  reduce using rule 89 (expresion)


state 74

   91 expresion: llamada_sivacio .

    $default  reduce using rule 91 (expresion)


state 75

   92 expresion: llamada_length .

    $default  reduce using rule 92 (expresion)


state 76

   90 expresion: llamada_complementario .

    $default  reduce using rule 90 (expresion)


state 77

  106 cuerpo: LLIZ . vars_s sentencias LLDE
  107       | LLIZ . sentencias LLDE
  108       | LLIZ . vars_s LLDE
  109       | LLIZ . LLDE

    ID         shift, and go to state 103
    NUM        shift, and go to state 60
    INT        shift, and go to state 2
    FLOAT      shift, and go to state 3
    CHAR       shift, and go to state 4
    SET        shift, and go to state 5
    REAL       shift, and go to state 61
    STRING     shift, and go to state 7
    BOOL       shift, and go to state 8
    TRUE       shift, and go to state 62
    FALSE      shift, and go to state 63
    CARACTER   shift, and go to state 64
    TEXTO_OUT  shift, and go to state 65
    EMPTY      shift, and go to state 66
    LENGTH     shift, and go to state 67
    VOID       shift, and go to state 104
    SWITCH     shift, and go to state 105
    WHILE      shift, and go to state 106
    IF         shift, and go to state 107
    IN         shift, and go to state 108
    OUT        shift, and go to state 109
    CREATE     shift, and go to state 68
    DELETE     shift, and go to state 110
    PIZ        shift, and go to state 69
    LLDE       shift, and go to state 111
    COMPC      shift, and go to state 70
    NEGEXP     shift, and go to state 71

    vars_s                  go to state 112
    tipo                    go to state 20
    vars                    go to state 21
    proc                    go to state 113
    sentencia               go to state 114
    switch                  go to state 115
    sentencias              go to state 116
    if                      go to state 117
    expresion               go to state 118
    while                   go to state 119
    out                     go to state 120
    in                      go to state 121
    llamada_proc            go to state 122
    llamada_conjunto        go to state 123
    crea_conjunto           go to state 73
    destruye_conjunto       go to state 124
    llamada_sivacio         go to state 74
    llamada_length          go to state 75
    inserta_conjunto        go to state 125
    saca_conjunto           go to state 126
    llamada_complementario  go to state 76


state 78

   37 proc: VOID ID PIZ PDE cuerpo .

    $default  reduce using rule 37 (proc)


state 79

   39 params: tipo ID .

    $default  reduce using rule 39 (params)


state 80

   36 proc: VOID ID PIZ params PDE . cuerpo

    LLIZ  shift, and go to state 77

    cuerpo  go to state 127


state 81

   38 params: params COMA . tipo ID

    ID      shift, and go to state 1
    INT     shift, and go to state 2
    FLOAT   shift, and go to state 3
    CHAR    shift, and go to state 4
    SET     shift, and go to state 5
    STRING  shift, and go to state 7
    BOOL    shift, and go to state 8

    tipo  go to state 128


state 82

  105 main: VOID MAIN PIZ PDE cuerpo .

    $default  reduce using rule 105 (main)


state 83

   35 variable: ID CORI NUM CORD .

    $default  reduce using rule 35 (variable)


state 84

   93 expresion: ID ASI . expresion

    ID         shift, and go to state 59
    NUM        shift, and go to state 60
    REAL       shift, and go to state 61
    TRUE       shift, and go to state 62
    FALSE      shift, and go to state 63
    CARACTER   shift, and go to state 64
    TEXTO_OUT  shift, and go to state 65
    EMPTY      shift, and go to state 66
    LENGTH     shift, and go to state 67
    CREATE     shift, and go to state 68
    PIZ        shift, and go to state 69
    COMPC      shift, and go to state 70
    NEGEXP     shift, and go to state 71

    expresion               go to state 129
    crea_conjunto           go to state 73
    llamada_sivacio         go to state 74
    llamada_length          go to state 75
    llamada_complementario  go to state 76


state 85

  115 llamada_sivacio: EMPTY PIZ . ID PDE

    ID  shift, and go to state 130


state 86

  116 llamada_length: LENGTH PIZ . ID PDE

    ID  shift, and go to state 131


state 87

  113 crea_conjunto: CREATE PIZ . PDE

    PDE  shift, and go to state 132


state 88

   68 expresion: expresion . SUM expresion
   69          | expresion . RES expresion
   70          | expresion . MUL expresion
   71          | expresion . DIV expresion
   72          | expresion . AND expresion
   73          | expresion . OR expresion
   74          | expresion . MAYORIQ expresion
   75          | expresion . MENORIQ expresion
   76          | expresion . MAYORQ expresion
   77          | expresion . MENORQ expresion
   78          | expresion . DIST expresion
   79          | expresion . II expresion
   81          | PIZ expresion . PDE

    PDE      shift, and go to state 133
    II       shift, and go to state 91
    DIST     shift, and go to state 92
    MENORQ   shift, and go to state 93
    MAYORQ   shift, and go to state 94
    MENORIQ  shift, and go to state 95
    MAYORIQ  shift, and go to state 96
    RES      shift, and go to state 97
    SUM      shift, and go to state 98
    DIV      shift, and go to state 99
    MUL      shift, and go to state 100
    OR       shift, and go to state 101
    AND      shift, and go to state 102


state 89

   68 expresion: expresion . SUM expresion
   69          | expresion . RES expresion
   70          | expresion . MUL expresion
   71          | expresion . DIV expresion
   72          | expresion . AND expresion
   73          | expresion . OR expresion
   74          | expresion . MAYORIQ expresion
   75          | expresion . MENORIQ expresion
   76          | expresion . MAYORQ expresion
   77          | expresion . MENORQ expresion
   78          | expresion . DIST expresion
   79          | expresion . II expresion
  119 llamada_complementario: COMPC expresion .

    $default  reduce using rule 119 (llamada_complementario)


state 90

   68 expresion: expresion . SUM expresion
   69          | expresion . RES expresion
   70          | expresion . MUL expresion
   71          | expresion . DIV expresion
   72          | expresion . AND expresion
   73          | expresion . OR expresion
   74          | expresion . MAYORIQ expresion
   75          | expresion . MENORIQ expresion
   76          | expresion . MAYORQ expresion
   77          | expresion . MENORQ expresion
   78          | expresion . DIST expresion
   79          | expresion . II expresion
   82          | NEGEXP expresion .

    $default  reduce using rule 82 (expresion)


state 91

   79 expresion: expresion II . expresion

    ID         shift, and go to state 59
    NUM        shift, and go to state 60
    REAL       shift, and go to state 61
    TRUE       shift, and go to state 62
    FALSE      shift, and go to state 63
    CARACTER   shift, and go to state 64
    TEXTO_OUT  shift, and go to state 65
    EMPTY      shift, and go to state 66
    LENGTH     shift, and go to state 67
    CREATE     shift, and go to state 68
    PIZ        shift, and go to state 69
    COMPC      shift, and go to state 70
    NEGEXP     shift, and go to state 71

    expresion               go to state 134
    crea_conjunto           go to state 73
    llamada_sivacio         go to state 74
    llamada_length          go to state 75
    llamada_complementario  go to state 76


state 92

   78 expresion: expresion DIST . expresion

    ID         shift, and go to state 59
    NUM        shift, and go to state 60
    REAL       shift, and go to state 61
    TRUE       shift, and go to state 62
    FALSE      shift, and go to state 63
    CARACTER   shift, and go to state 64
    TEXTO_OUT  shift, and go to state 65
    EMPTY      shift, and go to state 66
    LENGTH     shift, and go to state 67
    CREATE     shift, and go to state 68
    PIZ        shift, and go to state 69
    COMPC      shift, and go to state 70
    NEGEXP     shift, and go to state 71

    expresion               go to state 135
    crea_conjunto           go to state 73
    llamada_sivacio         go to state 74
    llamada_length          go to state 75
    llamada_complementario  go to state 76


state 93

   77 expresion: expresion MENORQ . expresion

    ID         shift, and go to state 59
    NUM        shift, and go to state 60
    REAL       shift, and go to state 61
    TRUE       shift, and go to state 62
    FALSE      shift, and go to state 63
    CARACTER   shift, and go to state 64
    TEXTO_OUT  shift, and go to state 65
    EMPTY      shift, and go to state 66
    LENGTH     shift, and go to state 67
    CREATE     shift, and go to state 68
    PIZ        shift, and go to state 69
    COMPC      shift, and go to state 70
    NEGEXP     shift, and go to state 71

    expresion               go to state 136
    crea_conjunto           go to state 73
    llamada_sivacio         go to state 74
    llamada_length          go to state 75
    llamada_complementario  go to state 76


state 94

   76 expresion: expresion MAYORQ . expresion

    ID         shift, and go to state 59
    NUM        shift, and go to state 60
    REAL       shift, and go to state 61
    TRUE       shift, and go to state 62
    FALSE      shift, and go to state 63
    CARACTER   shift, and go to state 64
    TEXTO_OUT  shift, and go to state 65
    EMPTY      shift, and go to state 66
    LENGTH     shift, and go to state 67
    CREATE     shift, and go to state 68
    PIZ        shift, and go to state 69
    COMPC      shift, and go to state 70
    NEGEXP     shift, and go to state 71

    expresion               go to state 137
    crea_conjunto           go to state 73
    llamada_sivacio         go to state 74
    llamada_length          go to state 75
    llamada_complementario  go to state 76


state 95

   75 expresion: expresion MENORIQ . expresion

    ID         shift, and go to state 59
    NUM        shift, and go to state 60
    REAL       shift, and go to state 61
    TRUE       shift, and go to state 62
    FALSE      shift, and go to state 63
    CARACTER   shift, and go to state 64
    TEXTO_OUT  shift, and go to state 65
    EMPTY      shift, and go to state 66
    LENGTH     shift, and go to state 67
    CREATE     shift, and go to state 68
    PIZ        shift, and go to state 69
    COMPC      shift, and go to state 70
    NEGEXP     shift, and go to state 71

    expresion               go to state 138
    crea_conjunto           go to state 73
    llamada_sivacio         go to state 74
    llamada_length          go to state 75
    llamada_complementario  go to state 76


state 96

   74 expresion: expresion MAYORIQ . expresion

    ID         shift, and go to state 59
    NUM        shift, and go to state 60
    REAL       shift, and go to state 61
    TRUE       shift, and go to state 62
    FALSE      shift, and go to state 63
    CARACTER   shift, and go to state 64
    TEXTO_OUT  shift, and go to state 65
    EMPTY      shift, and go to state 66
    LENGTH     shift, and go to state 67
    CREATE     shift, and go to state 68
    PIZ        shift, and go to state 69
    COMPC      shift, and go to state 70
    NEGEXP     shift, and go to state 71

    expresion               go to state 139
    crea_conjunto           go to state 73
    llamada_sivacio         go to state 74
    llamada_length          go to state 75
    llamada_complementario  go to state 76


state 97

   69 expresion: expresion RES . expresion

    ID         shift, and go to state 59
    NUM        shift, and go to state 60
    REAL       shift, and go to state 61
    TRUE       shift, and go to state 62
    FALSE      shift, and go to state 63
    CARACTER   shift, and go to state 64
    TEXTO_OUT  shift, and go to state 65
    EMPTY      shift, and go to state 66
    LENGTH     shift, and go to state 67
    CREATE     shift, and go to state 68
    PIZ        shift, and go to state 69
    COMPC      shift, and go to state 70
    NEGEXP     shift, and go to state 71

    expresion               go to state 140
    crea_conjunto           go to state 73
    llamada_sivacio         go to state 74
    llamada_length          go to state 75
    llamada_complementario  go to state 76


state 98

   68 expresion: expresion SUM . expresion

    ID         shift, and go to state 59
    NUM        shift, and go to state 60
    REAL       shift, and go to state 61
    TRUE       shift, and go to state 62
    FALSE      shift, and go to state 63
    CARACTER   shift, and go to state 64
    TEXTO_OUT  shift, and go to state 65
    EMPTY      shift, and go to state 66
    LENGTH     shift, and go to state 67
    CREATE     shift, and go to state 68
    PIZ        shift, and go to state 69
    COMPC      shift, and go to state 70
    NEGEXP     shift, and go to state 71

    expresion               go to state 141
    crea_conjunto           go to state 73
    llamada_sivacio         go to state 74
    llamada_length          go to state 75
    llamada_complementario  go to state 76


state 99

   71 expresion: expresion DIV . expresion

    ID         shift, and go to state 59
    NUM        shift, and go to state 60
    REAL       shift, and go to state 61
    TRUE       shift, and go to state 62
    FALSE      shift, and go to state 63
    CARACTER   shift, and go to state 64
    TEXTO_OUT  shift, and go to state 65
    EMPTY      shift, and go to state 66
    LENGTH     shift, and go to state 67
    CREATE     shift, and go to state 68
    PIZ        shift, and go to state 69
    COMPC      shift, and go to state 70
    NEGEXP     shift, and go to state 71

    expresion               go to state 142
    crea_conjunto           go to state 73
    llamada_sivacio         go to state 74
    llamada_length          go to state 75
    llamada_complementario  go to state 76


state 100

   70 expresion: expresion MUL . expresion

    ID         shift, and go to state 59
    NUM        shift, and go to state 60
    REAL       shift, and go to state 61
    TRUE       shift, and go to state 62
    FALSE      shift, and go to state 63
    CARACTER   shift, and go to state 64
    TEXTO_OUT  shift, and go to state 65
    EMPTY      shift, and go to state 66
    LENGTH     shift, and go to state 67
    CREATE     shift, and go to state 68
    PIZ        shift, and go to state 69
    COMPC      shift, and go to state 70
    NEGEXP     shift, and go to state 71

    expresion               go to state 143
    crea_conjunto           go to state 73
    llamada_sivacio         go to state 74
    llamada_length          go to state 75
    llamada_complementario  go to state 76


state 101

   73 expresion: expresion OR . expresion

    ID         shift, and go to state 59
    NUM        shift, and go to state 60
    REAL       shift, and go to state 61
    TRUE       shift, and go to state 62
    FALSE      shift, and go to state 63
    CARACTER   shift, and go to state 64
    TEXTO_OUT  shift, and go to state 65
    EMPTY      shift, and go to state 66
    LENGTH     shift, and go to state 67
    CREATE     shift, and go to state 68
    PIZ        shift, and go to state 69
    COMPC      shift, and go to state 70
    NEGEXP     shift, and go to state 71

    expresion               go to state 144
    crea_conjunto           go to state 73
    llamada_sivacio         go to state 74
    llamada_length          go to state 75
    llamada_complementario  go to state 76


state 102

   72 expresion: expresion AND . expresion

    ID         shift, and go to state 59
    NUM        shift, and go to state 60
    REAL       shift, and go to state 61
    TRUE       shift, and go to state 62
    FALSE      shift, and go to state 63
    CARACTER   shift, and go to state 64
    TEXTO_OUT  shift, and go to state 65
    EMPTY      shift, and go to state 66
    LENGTH     shift, and go to state 67
    CREATE     shift, and go to state 68
    PIZ        shift, and go to state 69
    COMPC      shift, and go to state 70
    NEGEXP     shift, and go to state 71

    expresion               go to state 145
    crea_conjunto           go to state 73
    llamada_sivacio         go to state 74
    llamada_length          go to state 75
    llamada_complementario  go to state 76


state 103

   26 tipo: ID .
   83 expresion: ID .
   93          | ID . ASI expresion
  101 llamada_proc: ID . PIZ params_llamada PDE PYC
  102             | ID . PIZ PDE PYC

    PIZ  shift, and go to state 146
    ASI  shift, and go to state 84

    ID        reduce using rule 26 (tipo)
    $default  reduce using rule 83 (expresion)


state 104

   36 proc: VOID . ID PIZ params PDE cuerpo
   37     | VOID . ID PIZ PDE cuerpo

    ID  shift, and go to state 25


state 105

   49 switch: SWITCH . PIZ ID PDE LLIZ casos_s caso_defecto LLDE
   50       | SWITCH . PIZ ID PDE LLIZ caso_defecto LLDE
   51       | SWITCH . PIZ ID PDE LLIZ casos_s LLDE
   52       | SWITCH . PIZ ID PDE LLIZ LLDE

    PIZ  shift, and go to state 147


state 106

   94 while: WHILE . PIZ expresion PDE bloque
   95      | WHILE . PIZ expresion PDE PYC

    PIZ  shift, and go to state 148


state 107

   66 if: IF . expresion bloque ELSE bloque
   67   | IF . expresion bloque

    ID         shift, and go to state 59
    NUM        shift, and go to state 60
    REAL       shift, and go to state 61
    TRUE       shift, and go to state 62
    FALSE      shift, and go to state 63
    CARACTER   shift, and go to state 64
    TEXTO_OUT  shift, and go to state 65
    EMPTY      shift, and go to state 66
    LENGTH     shift, and go to state 67
    CREATE     shift, and go to state 68
    PIZ        shift, and go to state 69
    COMPC      shift, and go to state 70
    NEGEXP     shift, and go to state 71

    expresion               go to state 149
    crea_conjunto           go to state 73
    llamada_sivacio         go to state 74
    llamada_length          go to state 75
    llamada_complementario  go to state 76


state 108

  100 in: IN . PIZ OP_INOUT COMA ID PDE PYC

    PIZ  shift, and go to state 150


state 109

   96 out: OUT . PIZ TEXTO_OUT COMA ids PDE PYC
   97    | OUT . PIZ TEXTO_OUT PDE PYC

    PIZ  shift, and go to state 151


state 110

  114 destruye_conjunto: DELETE . PIZ ID PDE

    PIZ  shift, and go to state 152


state 111

  109 cuerpo: LLIZ LLDE .

    $default  reduce using rule 109 (cuerpo)


state 112

   14 vars_s: vars_s . vars
  106 cuerpo: LLIZ vars_s . sentencias LLDE
  108       | LLIZ vars_s . LLDE

    ID         shift, and go to state 103
    NUM        shift, and go to state 60
    INT        shift, and go to state 2
    FLOAT      shift, and go to state 3
    CHAR       shift, and go to state 4
    SET        shift, and go to state 5
    REAL       shift, and go to state 61
    STRING     shift, and go to state 7
    BOOL       shift, and go to state 8
    TRUE       shift, and go to state 62
    FALSE      shift, and go to state 63
    CARACTER   shift, and go to state 64
    TEXTO_OUT  shift, and go to state 65
    EMPTY      shift, and go to state 66
    LENGTH     shift, and go to state 67
    VOID       shift, and go to state 104
    SWITCH     shift, and go to state 105
    WHILE      shift, and go to state 106
    IF         shift, and go to state 107
    IN         shift, and go to state 108
    OUT        shift, and go to state 109
    CREATE     shift, and go to state 68
    DELETE     shift, and go to state 110
    PIZ        shift, and go to state 69
    LLDE       shift, and go to state 153
    COMPC      shift, and go to state 70
    NEGEXP     shift, and go to state 71

    tipo                    go to state 20
    vars                    go to state 36
    proc                    go to state 113
    sentencia               go to state 114
    switch                  go to state 115
    sentencias              go to state 154
    if                      go to state 117
    expresion               go to state 118
    while                   go to state 119
    out                     go to state 120
    in                      go to state 121
    llamada_proc            go to state 122
    llamada_conjunto        go to state 123
    crea_conjunto           go to state 73
    destruye_conjunto       go to state 124
    llamada_sivacio         go to state 74
    llamada_length          go to state 75
    inserta_conjunto        go to state 125
    saca_conjunto           go to state 126
    llamada_complementario  go to state 76


state 113

   45 sentencia: proc .

    $default  reduce using rule 45 (sentencia)


state 114

   60 sentencias: sentencia .

    $default  reduce using rule 60 (sentencias)


state 115

   40 sentencia: switch .

    $default  reduce using rule 40 (sentencia)


state 116

   59 sentencias: sentencias . sentencia
  107 cuerpo: LLIZ sentencias . LLDE

    ID         shift, and go to state 155
    NUM        shift, and go to state 60
    REAL       shift, and go to state 61
    TRUE       shift, and go to state 62
    FALSE      shift, and go to state 63
    CARACTER   shift, and go to state 64
    TEXTO_OUT  shift, and go to state 65
    EMPTY      shift, and go to state 66
    LENGTH     shift, and go to state 67
    VOID       shift, and go to state 104
    SWITCH     shift, and go to state 105
    WHILE      shift, and go to state 106
    IF         shift, and go to state 107
    IN         shift, and go to state 108
    OUT        shift, and go to state 109
    CREATE     shift, and go to state 68
    DELETE     shift, and go to state 110
    PIZ        shift, and go to state 69
    LLDE       shift, and go to state 156
    COMPC      shift, and go to state 70
    NEGEXP     shift, and go to state 71

    proc                    go to state 113
    sentencia               go to state 157
    switch                  go to state 115
    if                      go to state 117
    expresion               go to state 118
    while                   go to state 119
    out                     go to state 120
    in                      go to state 121
    llamada_proc            go to state 122
    llamada_conjunto        go to state 123
    crea_conjunto           go to state 73
    destruye_conjunto       go to state 124
    llamada_sivacio         go to state 74
    llamada_length          go to state 75
    inserta_conjunto        go to state 125
    saca_conjunto           go to state 126
    llamada_complementario  go to state 76


state 117

   41 sentencia: if .

    $default  reduce using rule 41 (sentencia)


state 118

   48 sentencia: expresion . PYC
   68 expresion: expresion . SUM expresion
   69          | expresion . RES expresion
   70          | expresion . MUL expresion
   71          | expresion . DIV expresion
   72          | expresion . AND expresion
   73          | expresion . OR expresion
   74          | expresion . MAYORIQ expresion
   75          | expresion . MENORIQ expresion
   76          | expresion . MAYORQ expresion
   77          | expresion . MENORQ expresion
   78          | expresion . DIST expresion
   79          | expresion . II expresion
  117 inserta_conjunto: expresion . ADDC ID
  118 saca_conjunto: expresion . MINC ID

    PYC      shift, and go to state 158
    II       shift, and go to state 91
    DIST     shift, and go to state 92
    MENORQ   shift, and go to state 93
    MAYORQ   shift, and go to state 94
    MENORIQ  shift, and go to state 95
    MAYORIQ  shift, and go to state 96
    RES      shift, and go to state 97
    SUM      shift, and go to state 98
    DIV      shift, and go to state 99
    MUL      shift, and go to state 100
    OR       shift, and go to state 101
    AND      shift, and go to state 102
    MINC     shift, and go to state 159
    ADDC     shift, and go to state 160


state 119

   42 sentencia: while .

    $default  reduce using rule 42 (sentencia)


state 120

   44 sentencia: out .

    $default  reduce using rule 44 (sentencia)


state 121

   43 sentencia: in .

    $default  reduce using rule 43 (sentencia)


state 122

   46 sentencia: llamada_proc .

    $default  reduce using rule 46 (sentencia)


state 123

   47 sentencia: llamada_conjunto . PYC

    PYC  shift, and go to state 161


state 124

  112 llamada_conjunto: destruye_conjunto .

    $default  reduce using rule 112 (llamada_conjunto)


state 125

  110 llamada_conjunto: inserta_conjunto .

    $default  reduce using rule 110 (llamada_conjunto)


state 126

  111 llamada_conjunto: saca_conjunto .

    $default  reduce using rule 111 (llamada_conjunto)


state 127

   36 proc: VOID ID PIZ params PDE cuerpo .

    $default  reduce using rule 36 (proc)


state 128

   38 params: params COMA tipo . ID

    ID  shift, and go to state 162


state 129

   68 expresion: expresion . SUM expresion
   69          | expresion . RES expresion
   70          | expresion . MUL expresion
   71          | expresion . DIV expresion
   72          | expresion . AND expresion
   73          | expresion . OR expresion
   74          | expresion . MAYORIQ expresion
   75          | expresion . MENORIQ expresion
   76          | expresion . MAYORQ expresion
   77          | expresion . MENORQ expresion
   78          | expresion . DIST expresion
   79          | expresion . II expresion
   93          | ID ASI expresion .

    II       shift, and go to state 91
    DIST     shift, and go to state 92
    MENORQ   shift, and go to state 93
    MAYORQ   shift, and go to state 94
    MENORIQ  shift, and go to state 95
    MAYORIQ  shift, and go to state 96
    RES      shift, and go to state 97
    SUM      shift, and go to state 98
    DIV      shift, and go to state 99
    MUL      shift, and go to state 100
    OR       shift, and go to state 101
    AND      shift, and go to state 102

    $default  reduce using rule 93 (expresion)


state 130

  115 llamada_sivacio: EMPTY PIZ ID . PDE

    PDE  shift, and go to state 163


state 131

  116 llamada_length: LENGTH PIZ ID . PDE

    PDE  shift, and go to state 164


state 132

  113 crea_conjunto: CREATE PIZ PDE .

    $default  reduce using rule 113 (crea_conjunto)


state 133

   81 expresion: PIZ expresion PDE .

    $default  reduce using rule 81 (expresion)


state 134

   68 expresion: expresion . SUM expresion
   69          | expresion . RES expresion
   70          | expresion . MUL expresion
   71          | expresion . DIV expresion
   72          | expresion . AND expresion
   73          | expresion . OR expresion
   74          | expresion . MAYORIQ expresion
   75          | expresion . MENORIQ expresion
   76          | expresion . MAYORQ expresion
   77          | expresion . MENORQ expresion
   78          | expresion . DIST expresion
   79          | expresion . II expresion
   79          | expresion II expresion .

    RES  shift, and go to state 97
    SUM  shift, and go to state 98
    DIV  shift, and go to state 99
    MUL  shift, and go to state 100
    OR   shift, and go to state 101
    AND  shift, and go to state 102

    $default  reduce using rule 79 (expresion)


state 135

   68 expresion: expresion . SUM expresion
   69          | expresion . RES expresion
   70          | expresion . MUL expresion
   71          | expresion . DIV expresion
   72          | expresion . AND expresion
   73          | expresion . OR expresion
   74          | expresion . MAYORIQ expresion
   75          | expresion . MENORIQ expresion
   76          | expresion . MAYORQ expresion
   77          | expresion . MENORQ expresion
   78          | expresion . DIST expresion
   78          | expresion DIST expresion .
   79          | expresion . II expresion

    RES  shift, and go to state 97
    SUM  shift, and go to state 98
    DIV  shift, and go to state 99
    MUL  shift, and go to state 100
    OR   shift, and go to state 101
    AND  shift, and go to state 102

    $default  reduce using rule 78 (expresion)


state 136

   68 expresion: expresion . SUM expresion
   69          | expresion . RES expresion
   70          | expresion . MUL expresion
   71          | expresion . DIV expresion
   72          | expresion . AND expresion
   73          | expresion . OR expresion
   74          | expresion . MAYORIQ expresion
   75          | expresion . MENORIQ expresion
   76          | expresion . MAYORQ expresion
   77          | expresion . MENORQ expresion
   77          | expresion MENORQ expresion .
   78          | expresion . DIST expresion
   79          | expresion . II expresion

    RES  shift, and go to state 97
    SUM  shift, and go to state 98
    DIV  shift, and go to state 99
    MUL  shift, and go to state 100
    OR   shift, and go to state 101
    AND  shift, and go to state 102

    $default  reduce using rule 77 (expresion)


state 137

   68 expresion: expresion . SUM expresion
   69          | expresion . RES expresion
   70          | expresion . MUL expresion
   71          | expresion . DIV expresion
   72          | expresion . AND expresion
   73          | expresion . OR expresion
   74          | expresion . MAYORIQ expresion
   75          | expresion . MENORIQ expresion
   76          | expresion . MAYORQ expresion
   76          | expresion MAYORQ expresion .
   77          | expresion . MENORQ expresion
   78          | expresion . DIST expresion
   79          | expresion . II expresion

    RES  shift, and go to state 97
    SUM  shift, and go to state 98
    DIV  shift, and go to state 99
    MUL  shift, and go to state 100
    OR   shift, and go to state 101
    AND  shift, and go to state 102

    $default  reduce using rule 76 (expresion)


state 138

   68 expresion: expresion . SUM expresion
   69          | expresion . RES expresion
   70          | expresion . MUL expresion
   71          | expresion . DIV expresion
   72          | expresion . AND expresion
   73          | expresion . OR expresion
   74          | expresion . MAYORIQ expresion
   75          | expresion . MENORIQ expresion
   75          | expresion MENORIQ expresion .
   76          | expresion . MAYORQ expresion
   77          | expresion . MENORQ expresion
   78          | expresion . DIST expresion
   79          | expresion . II expresion

    RES  shift, and go to state 97
    SUM  shift, and go to state 98
    DIV  shift, and go to state 99
    MUL  shift, and go to state 100
    OR   shift, and go to state 101
    AND  shift, and go to state 102

    $default  reduce using rule 75 (expresion)


state 139

   68 expresion: expresion . SUM expresion
   69          | expresion . RES expresion
   70          | expresion . MUL expresion
   71          | expresion . DIV expresion
   72          | expresion . AND expresion
   73          | expresion . OR expresion
   74          | expresion . MAYORIQ expresion
   74          | expresion MAYORIQ expresion .
   75          | expresion . MENORIQ expresion
   76          | expresion . MAYORQ expresion
   77          | expresion . MENORQ expresion
   78          | expresion . DIST expresion
   79          | expresion . II expresion

    RES  shift, and go to state 97
    SUM  shift, and go to state 98
    DIV  shift, and go to state 99
    MUL  shift, and go to state 100
    OR   shift, and go to state 101
    AND  shift, and go to state 102

    $default  reduce using rule 74 (expresion)


state 140

   68 expresion: expresion . SUM expresion
   69          | expresion . RES expresion
   69          | expresion RES expresion .
   70          | expresion . MUL expresion
   71          | expresion . DIV expresion
   72          | expresion . AND expresion
   73          | expresion . OR expresion
   74          | expresion . MAYORIQ expresion
   75          | expresion . MENORIQ expresion
   76          | expresion . MAYORQ expresion
   77          | expresion . MENORQ expresion
   78          | expresion . DIST expresion
   79          | expresion . II expresion

    DIV  shift, and go to state 99
    MUL  shift, and go to state 100
    OR   shift, and go to state 101
    AND  shift, and go to state 102

    $default  reduce using rule 69 (expresion)


state 141

   68 expresion: expresion . SUM expresion
   68          | expresion SUM expresion .
   69          | expresion . RES expresion
   70          | expresion . MUL expresion
   71          | expresion . DIV expresion
   72          | expresion . AND expresion
   73          | expresion . OR expresion
   74          | expresion . MAYORIQ expresion
   75          | expresion . MENORIQ expresion
   76          | expresion . MAYORQ expresion
   77          | expresion . MENORQ expresion
   78          | expresion . DIST expresion
   79          | expresion . II expresion

    DIV  shift, and go to state 99
    MUL  shift, and go to state 100
    OR   shift, and go to state 101
    AND  shift, and go to state 102

    $default  reduce using rule 68 (expresion)


state 142

   68 expresion: expresion . SUM expresion
   69          | expresion . RES expresion
   70          | expresion . MUL expresion
   71          | expresion . DIV expresion
   71          | expresion DIV expresion .
   72          | expresion . AND expresion
   73          | expresion . OR expresion
   74          | expresion . MAYORIQ expresion
   75          | expresion . MENORIQ expresion
   76          | expresion . MAYORQ expresion
   77          | expresion . MENORQ expresion
   78          | expresion . DIST expresion
   79          | expresion . II expresion

    OR   shift, and go to state 101
    AND  shift, and go to state 102

    $default  reduce using rule 71 (expresion)


state 143

   68 expresion: expresion . SUM expresion
   69          | expresion . RES expresion
   70          | expresion . MUL expresion
   70          | expresion MUL expresion .
   71          | expresion . DIV expresion
   72          | expresion . AND expresion
   73          | expresion . OR expresion
   74          | expresion . MAYORIQ expresion
   75          | expresion . MENORIQ expresion
   76          | expresion . MAYORQ expresion
   77          | expresion . MENORQ expresion
   78          | expresion . DIST expresion
   79          | expresion . II expresion

    OR   shift, and go to state 101
    AND  shift, and go to state 102

    $default  reduce using rule 70 (expresion)


state 144

   68 expresion: expresion . SUM expresion
   69          | expresion . RES expresion
   70          | expresion . MUL expresion
   71          | expresion . DIV expresion
   72          | expresion . AND expresion
   73          | expresion . OR expresion
   73          | expresion OR expresion .
   74          | expresion . MAYORIQ expresion
   75          | expresion . MENORIQ expresion
   76          | expresion . MAYORQ expresion
   77          | expresion . MENORQ expresion
   78          | expresion . DIST expresion
   79          | expresion . II expresion

    $default  reduce using rule 73 (expresion)


state 145

   68 expresion: expresion . SUM expresion
   69          | expresion . RES expresion
   70          | expresion . MUL expresion
   71          | expresion . DIV expresion
   72          | expresion . AND expresion
   72          | expresion AND expresion .
   73          | expresion . OR expresion
   74          | expresion . MAYORIQ expresion
   75          | expresion . MENORIQ expresion
   76          | expresion . MAYORQ expresion
   77          | expresion . MENORQ expresion
   78          | expresion . DIST expresion
   79          | expresion . II expresion

    $default  reduce using rule 72 (expresion)


state 146

  101 llamada_proc: ID PIZ . params_llamada PDE PYC
  102             | ID PIZ . PDE PYC

    ID         shift, and go to state 59
    NUM        shift, and go to state 60
    REAL       shift, and go to state 61
    TRUE       shift, and go to state 62
    FALSE      shift, and go to state 63
    CARACTER   shift, and go to state 64
    TEXTO_OUT  shift, and go to state 65
    EMPTY      shift, and go to state 66
    LENGTH     shift, and go to state 67
    CREATE     shift, and go to state 68
    PIZ        shift, and go to state 69
    PDE        shift, and go to state 165
    COMPC      shift, and go to state 70
    NEGEXP     shift, and go to state 71

    expresion               go to state 166
    params_llamada          go to state 167
    crea_conjunto           go to state 73
    llamada_sivacio         go to state 74
    llamada_length          go to state 75
    llamada_complementario  go to state 76


state 147

   49 switch: SWITCH PIZ . ID PDE LLIZ casos_s caso_defecto LLDE
   50       | SWITCH PIZ . ID PDE LLIZ caso_defecto LLDE
   51       | SWITCH PIZ . ID PDE LLIZ casos_s LLDE
   52       | SWITCH PIZ . ID PDE LLIZ LLDE

    ID  shift, and go to state 168


state 148

   94 while: WHILE PIZ . expresion PDE bloque
   95      | WHILE PIZ . expresion PDE PYC

    ID         shift, and go to state 59
    NUM        shift, and go to state 60
    REAL       shift, and go to state 61
    TRUE       shift, and go to state 62
    FALSE      shift, and go to state 63
    CARACTER   shift, and go to state 64
    TEXTO_OUT  shift, and go to state 65
    EMPTY      shift, and go to state 66
    LENGTH     shift, and go to state 67
    CREATE     shift, and go to state 68
    PIZ        shift, and go to state 69
    COMPC      shift, and go to state 70
    NEGEXP     shift, and go to state 71

    expresion               go to state 169
    crea_conjunto           go to state 73
    llamada_sivacio         go to state 74
    llamada_length          go to state 75
    llamada_complementario  go to state 76


state 149

   66 if: IF expresion . bloque ELSE bloque
   67   | IF expresion . bloque
   68 expresion: expresion . SUM expresion
   69          | expresion . RES expresion
   70          | expresion . MUL expresion
   71          | expresion . DIV expresion
   72          | expresion . AND expresion
   73          | expresion . OR expresion
   74          | expresion . MAYORIQ expresion
   75          | expresion . MENORIQ expresion
   76          | expresion . MAYORQ expresion
   77          | expresion . MENORQ expresion
   78          | expresion . DIST expresion
   79          | expresion . II expresion

    ID         shift, and go to state 155
    NUM        shift, and go to state 60
    REAL       shift, and go to state 61
    TRUE       shift, and go to state 62
    FALSE      shift, and go to state 63
    CARACTER   shift, and go to state 64
    TEXTO_OUT  shift, and go to state 65
    EMPTY      shift, and go to state 66
    LENGTH     shift, and go to state 67
    VOID       shift, and go to state 104
    SWITCH     shift, and go to state 105
    WHILE      shift, and go to state 106
    IF         shift, and go to state 107
    IN         shift, and go to state 108
    OUT        shift, and go to state 109
    CREATE     shift, and go to state 68
    DELETE     shift, and go to state 110
    PIZ        shift, and go to state 69
    LLIZ       shift, and go to state 170
    II         shift, and go to state 91
    DIST       shift, and go to state 92
    MENORQ     shift, and go to state 93
    MAYORQ     shift, and go to state 94
    MENORIQ    shift, and go to state 95
    MAYORIQ    shift, and go to state 96
    RES        shift, and go to state 97
    SUM        shift, and go to state 98
    DIV        shift, and go to state 99
    MUL        shift, and go to state 100
    OR         shift, and go to state 101
    AND        shift, and go to state 102
    COMPC      shift, and go to state 70
    NEGEXP     shift, and go to state 71

    proc                    go to state 113
    sentencia               go to state 171
    switch                  go to state 115
    bloque                  go to state 172
    if                      go to state 117
    expresion               go to state 118
    while                   go to state 119
    out                     go to state 120
    in                      go to state 121
    llamada_proc            go to state 122
    llamada_conjunto        go to state 123
    crea_conjunto           go to state 73
    destruye_conjunto       go to state 124
    llamada_sivacio         go to state 74
    llamada_length          go to state 75
    inserta_conjunto        go to state 125
    saca_conjunto           go to state 126
    llamada_complementario  go to state 76


state 150

  100 in: IN PIZ . OP_INOUT COMA ID PDE PYC

    OP_INOUT  shift, and go to state 173


state 151

   96 out: OUT PIZ . TEXTO_OUT COMA ids PDE PYC
   97    | OUT PIZ . TEXTO_OUT PDE PYC

    TEXTO_OUT  shift, and go to state 174


state 152

  114 destruye_conjunto: DELETE PIZ . ID PDE

    ID  shift, and go to state 175


state 153

  108 cuerpo: LLIZ vars_s LLDE .

    $default  reduce using rule 108 (cuerpo)


state 154

   59 sentencias: sentencias . sentencia
  106 cuerpo: LLIZ vars_s sentencias . LLDE

    ID         shift, and go to state 155
    NUM        shift, and go to state 60
    REAL       shift, and go to state 61
    TRUE       shift, and go to state 62
    FALSE      shift, and go to state 63
    CARACTER   shift, and go to state 64
    TEXTO_OUT  shift, and go to state 65
    EMPTY      shift, and go to state 66
    LENGTH     shift, and go to state 67
    VOID       shift, and go to state 104
    SWITCH     shift, and go to state 105
    WHILE      shift, and go to state 106
    IF         shift, and go to state 107
    IN         shift, and go to state 108
    OUT        shift, and go to state 109
    CREATE     shift, and go to state 68
    DELETE     shift, and go to state 110
    PIZ        shift, and go to state 69
    LLDE       shift, and go to state 176
    COMPC      shift, and go to state 70
    NEGEXP     shift, and go to state 71

    proc                    go to state 113
    sentencia               go to state 157
    switch                  go to state 115
    if                      go to state 117
    expresion               go to state 118
    while                   go to state 119
    out                     go to state 120
    in                      go to state 121
    llamada_proc            go to state 122
    llamada_conjunto        go to state 123
    crea_conjunto           go to state 73
    destruye_conjunto       go to state 124
    llamada_sivacio         go to state 74
    llamada_length          go to state 75
    inserta_conjunto        go to state 125
    saca_conjunto           go to state 126
    llamada_complementario  go to state 76


state 155

   83 expresion: ID .
   93          | ID . ASI expresion
  101 llamada_proc: ID . PIZ params_llamada PDE PYC
  102             | ID . PIZ PDE PYC

    PIZ  shift, and go to state 146
    ASI  shift, and go to state 84

    $default  reduce using rule 83 (expresion)


state 156

  107 cuerpo: LLIZ sentencias LLDE .

    $default  reduce using rule 107 (cuerpo)


state 157

   59 sentencias: sentencias sentencia .

    $default  reduce using rule 59 (sentencias)


state 158

   48 sentencia: expresion PYC .

    $default  reduce using rule 48 (sentencia)


state 159

  118 saca_conjunto: expresion MINC . ID

    ID  shift, and go to state 177


state 160

  117 inserta_conjunto: expresion ADDC . ID

    ID  shift, and go to state 178


state 161

   47 sentencia: llamada_conjunto PYC .

    $default  reduce using rule 47 (sentencia)


state 162

   38 params: params COMA tipo ID .

    $default  reduce using rule 38 (params)


state 163

  115 llamada_sivacio: EMPTY PIZ ID PDE .

    $default  reduce using rule 115 (llamada_sivacio)


state 164

  116 llamada_length: LENGTH PIZ ID PDE .

    $default  reduce using rule 116 (llamada_length)


state 165

  102 llamada_proc: ID PIZ PDE . PYC

    PYC  shift, and go to state 179


state 166

   68 expresion: expresion . SUM expresion
   69          | expresion . RES expresion
   70          | expresion . MUL expresion
   71          | expresion . DIV expresion
   72          | expresion . AND expresion
   73          | expresion . OR expresion
   74          | expresion . MAYORIQ expresion
   75          | expresion . MENORIQ expresion
   76          | expresion . MAYORQ expresion
   77          | expresion . MENORQ expresion
   78          | expresion . DIST expresion
   79          | expresion . II expresion
  104 params_llamada: expresion .

    II       shift, and go to state 91
    DIST     shift, and go to state 92
    MENORQ   shift, and go to state 93
    MAYORQ   shift, and go to state 94
    MENORIQ  shift, and go to state 95
    MAYORIQ  shift, and go to state 96
    RES      shift, and go to state 97
    SUM      shift, and go to state 98
    DIV      shift, and go to state 99
    MUL      shift, and go to state 100
    OR       shift, and go to state 101
    AND      shift, and go to state 102

    $default  reduce using rule 104 (params_llamada)


state 167

  101 llamada_proc: ID PIZ params_llamada . PDE PYC
  103 params_llamada: params_llamada . COMA expresion

    PDE   shift, and go to state 180
    COMA  shift, and go to state 181


state 168

   49 switch: SWITCH PIZ ID . PDE LLIZ casos_s caso_defecto LLDE
   50       | SWITCH PIZ ID . PDE LLIZ caso_defecto LLDE
   51       | SWITCH PIZ ID . PDE LLIZ casos_s LLDE
   52       | SWITCH PIZ ID . PDE LLIZ LLDE

    PDE  shift, and go to state 182


state 169

   68 expresion: expresion . SUM expresion
   69          | expresion . RES expresion
   70          | expresion . MUL expresion
   71          | expresion . DIV expresion
   72          | expresion . AND expresion
   73          | expresion . OR expresion
   74          | expresion . MAYORIQ expresion
   75          | expresion . MENORIQ expresion
   76          | expresion . MAYORQ expresion
   77          | expresion . MENORQ expresion
   78          | expresion . DIST expresion
   79          | expresion . II expresion
   94 while: WHILE PIZ expresion . PDE bloque
   95      | WHILE PIZ expresion . PDE PYC

    PDE      shift, and go to state 183
    II       shift, and go to state 91
    DIST     shift, and go to state 92
    MENORQ   shift, and go to state 93
    MAYORQ   shift, and go to state 94
    MENORIQ  shift, and go to state 95
    MAYORIQ  shift, and go to state 96
    RES      shift, and go to state 97
    SUM      shift, and go to state 98
    DIV      shift, and go to state 99
    MUL      shift, and go to state 100
    OR       shift, and go to state 101
    AND      shift, and go to state 102


state 170

   63 bloque: LLIZ . sentencias LLDE
   65       | LLIZ . LLDE

    ID         shift, and go to state 155
    NUM        shift, and go to state 60
    REAL       shift, and go to state 61
    TRUE       shift, and go to state 62
    FALSE      shift, and go to state 63
    CARACTER   shift, and go to state 64
    TEXTO_OUT  shift, and go to state 65
    EMPTY      shift, and go to state 66
    LENGTH     shift, and go to state 67
    VOID       shift, and go to state 104
    SWITCH     shift, and go to state 105
    WHILE      shift, and go to state 106
    IF         shift, and go to state 107
    IN         shift, and go to state 108
    OUT        shift, and go to state 109
    CREATE     shift, and go to state 68
    DELETE     shift, and go to state 110
    PIZ        shift, and go to state 69
    LLDE       shift, and go to state 184
    COMPC      shift, and go to state 70
    NEGEXP     shift, and go to state 71

    proc                    go to state 113
    sentencia               go to state 114
    switch                  go to state 115
    sentencias              go to state 185
    if                      go to state 117
    expresion               go to state 118
    while                   go to state 119
    out                     go to state 120
    in                      go to state 121
    llamada_proc            go to state 122
    llamada_conjunto        go to state 123
    crea_conjunto           go to state 73
    destruye_conjunto       go to state 124
    llamada_sivacio         go to state 74
    llamada_length          go to state 75
    inserta_conjunto        go to state 125
    saca_conjunto           go to state 126
    llamada_complementario  go to state 76


state 171

   64 bloque: sentencia .

    $default  reduce using rule 64 (bloque)


state 172

   66 if: IF expresion bloque . ELSE bloque
   67   | IF expresion bloque .

    ELSE  shift, and go to state 186

    ELSE      [reduce using rule 67 (if)]
    $default  reduce using rule 67 (if)


state 173

  100 in: IN PIZ OP_INOUT . COMA ID PDE PYC

    COMA  shift, and go to state 187


state 174

   96 out: OUT PIZ TEXTO_OUT . COMA ids PDE PYC
   97    | OUT PIZ TEXTO_OUT . PDE PYC

    PDE   shift, and go to state 188
    COMA  shift, and go to state 189


state 175

  114 destruye_conjunto: DELETE PIZ ID . PDE

    PDE  shift, and go to state 190


state 176

  106 cuerpo: LLIZ vars_s sentencias LLDE .

    $default  reduce using rule 106 (cuerpo)


state 177

  118 saca_conjunto: expresion MINC ID .

    $default  reduce using rule 118 (saca_conjunto)


state 178

  117 inserta_conjunto: expresion ADDC ID .

    $default  reduce using rule 117 (inserta_conjunto)


state 179

  102 llamada_proc: ID PIZ PDE PYC .

    $default  reduce using rule 102 (llamada_proc)


state 180

  101 llamada_proc: ID PIZ params_llamada PDE . PYC

    PYC  shift, and go to state 191


state 181

  103 params_llamada: params_llamada COMA . expresion

    ID         shift, and go to state 59
    NUM        shift, and go to state 60
    REAL       shift, and go to state 61
    TRUE       shift, and go to state 62
    FALSE      shift, and go to state 63
    CARACTER   shift, and go to state 64
    TEXTO_OUT  shift, and go to state 65
    EMPTY      shift, and go to state 66
    LENGTH     shift, and go to state 67
    CREATE     shift, and go to state 68
    PIZ        shift, and go to state 69
    COMPC      shift, and go to state 70
    NEGEXP     shift, and go to state 71

    expresion               go to state 192
    crea_conjunto           go to state 73
    llamada_sivacio         go to state 74
    llamada_length          go to state 75
    llamada_complementario  go to state 76


state 182

   49 switch: SWITCH PIZ ID PDE . LLIZ casos_s caso_defecto LLDE
   50       | SWITCH PIZ ID PDE . LLIZ caso_defecto LLDE
   51       | SWITCH PIZ ID PDE . LLIZ casos_s LLDE
   52       | SWITCH PIZ ID PDE . LLIZ LLDE

    LLIZ  shift, and go to state 193


state 183

   94 while: WHILE PIZ expresion PDE . bloque
   95      | WHILE PIZ expresion PDE . PYC

    ID         shift, and go to state 155
    NUM        shift, and go to state 60
    REAL       shift, and go to state 61
    TRUE       shift, and go to state 62
    FALSE      shift, and go to state 63
    CARACTER   shift, and go to state 64
    TEXTO_OUT  shift, and go to state 65
    EMPTY      shift, and go to state 66
    LENGTH     shift, and go to state 67
    VOID       shift, and go to state 104
    SWITCH     shift, and go to state 105
    WHILE      shift, and go to state 106
    IF         shift, and go to state 107
    IN         shift, and go to state 108
    OUT        shift, and go to state 109
    CREATE     shift, and go to state 68
    DELETE     shift, and go to state 110
    PIZ        shift, and go to state 69
    LLIZ       shift, and go to state 170
    PYC        shift, and go to state 194
    COMPC      shift, and go to state 70
    NEGEXP     shift, and go to state 71

    proc                    go to state 113
    sentencia               go to state 171
    switch                  go to state 115
    bloque                  go to state 195
    if                      go to state 117
    expresion               go to state 118
    while                   go to state 119
    out                     go to state 120
    in                      go to state 121
    llamada_proc            go to state 122
    llamada_conjunto        go to state 123
    crea_conjunto           go to state 73
    destruye_conjunto       go to state 124
    llamada_sivacio         go to state 74
    llamada_length          go to state 75
    inserta_conjunto        go to state 125
    saca_conjunto           go to state 126
    llamada_complementario  go to state 76


state 184

   65 bloque: LLIZ LLDE .

    $default  reduce using rule 65 (bloque)


state 185

   59 sentencias: sentencias . sentencia
   63 bloque: LLIZ sentencias . LLDE

    ID         shift, and go to state 155
    NUM        shift, and go to state 60
    REAL       shift, and go to state 61
    TRUE       shift, and go to state 62
    FALSE      shift, and go to state 63
    CARACTER   shift, and go to state 64
    TEXTO_OUT  shift, and go to state 65
    EMPTY      shift, and go to state 66
    LENGTH     shift, and go to state 67
    VOID       shift, and go to state 104
    SWITCH     shift, and go to state 105
    WHILE      shift, and go to state 106
    IF         shift, and go to state 107
    IN         shift, and go to state 108
    OUT        shift, and go to state 109
    CREATE     shift, and go to state 68
    DELETE     shift, and go to state 110
    PIZ        shift, and go to state 69
    LLDE       shift, and go to state 196
    COMPC      shift, and go to state 70
    NEGEXP     shift, and go to state 71

    proc                    go to state 113
    sentencia               go to state 157
    switch                  go to state 115
    if                      go to state 117
    expresion               go to state 118
    while                   go to state 119
    out                     go to state 120
    in                      go to state 121
    llamada_proc            go to state 122
    llamada_conjunto        go to state 123
    crea_conjunto           go to state 73
    destruye_conjunto       go to state 124
    llamada_sivacio         go to state 74
    llamada_length          go to state 75
    inserta_conjunto        go to state 125
    saca_conjunto           go to state 126
    llamada_complementario  go to state 76


state 186

   66 if: IF expresion bloque ELSE . bloque

    ID         shift, and go to state 155
    NUM        shift, and go to state 60
    REAL       shift, and go to state 61
    TRUE       shift, and go to state 62
    FALSE      shift, and go to state 63
    CARACTER   shift, and go to state 64
    TEXTO_OUT  shift, and go to state 65
    EMPTY      shift, and go to state 66
    LENGTH     shift, and go to state 67
    VOID       shift, and go to state 104
    SWITCH     shift, and go to state 105
    WHILE      shift, and go to state 106
    IF         shift, and go to state 107
    IN         shift, and go to state 108
    OUT        shift, and go to state 109
    CREATE     shift, and go to state 68
    DELETE     shift, and go to state 110
    PIZ        shift, and go to state 69
    LLIZ       shift, and go to state 170
    COMPC      shift, and go to state 70
    NEGEXP     shift, and go to state 71

    proc                    go to state 113
    sentencia               go to state 171
    switch                  go to state 115
    bloque                  go to state 197
    if                      go to state 117
    expresion               go to state 118
    while                   go to state 119
    out                     go to state 120
    in                      go to state 121
    llamada_proc            go to state 122
    llamada_conjunto        go to state 123
    crea_conjunto           go to state 73
    destruye_conjunto       go to state 124
    llamada_sivacio         go to state 74
    llamada_length          go to state 75
    inserta_conjunto        go to state 125
    saca_conjunto           go to state 126
    llamada_complementario  go to state 76


state 187

  100 in: IN PIZ OP_INOUT COMA . ID PDE PYC

    ID  shift, and go to state 198


state 188

   97 out: OUT PIZ TEXTO_OUT PDE . PYC

    PYC  shift, and go to state 199


state 189

   96 out: OUT PIZ TEXTO_OUT COMA . ids PDE PYC

    ID  shift, and go to state 200

    ids  go to state 201


state 190

  114 destruye_conjunto: DELETE PIZ ID PDE .

    $default  reduce using rule 114 (destruye_conjunto)


state 191

  101 llamada_proc: ID PIZ params_llamada PDE PYC .

    $default  reduce using rule 101 (llamada_proc)


state 192

   68 expresion: expresion . SUM expresion
   69          | expresion . RES expresion
   70          | expresion . MUL expresion
   71          | expresion . DIV expresion
   72          | expresion . AND expresion
   73          | expresion . OR expresion
   74          | expresion . MAYORIQ expresion
   75          | expresion . MENORIQ expresion
   76          | expresion . MAYORQ expresion
   77          | expresion . MENORQ expresion
   78          | expresion . DIST expresion
   79          | expresion . II expresion
  103 params_llamada: params_llamada COMA expresion .

    II       shift, and go to state 91
    DIST     shift, and go to state 92
    MENORQ   shift, and go to state 93
    MAYORQ   shift, and go to state 94
    MENORIQ  shift, and go to state 95
    MAYORIQ  shift, and go to state 96
    RES      shift, and go to state 97
    SUM      shift, and go to state 98
    DIV      shift, and go to state 99
    MUL      shift, and go to state 100
    OR       shift, and go to state 101
    AND      shift, and go to state 102

    $default  reduce using rule 103 (params_llamada)


state 193

   49 switch: SWITCH PIZ ID PDE LLIZ . casos_s caso_defecto LLDE
   50       | SWITCH PIZ ID PDE LLIZ . caso_defecto LLDE
   51       | SWITCH PIZ ID PDE LLIZ . casos_s LLDE
   52       | SWITCH PIZ ID PDE LLIZ . LLDE

    CASE     shift, and go to state 202
    DEFAULT  shift, and go to state 203
    LLDE     shift, and go to state 204

    casos_s       go to state 205
    caso_defecto  go to state 206


state 194

   95 while: WHILE PIZ expresion PDE PYC .

    $default  reduce using rule 95 (while)


state 195

   94 while: WHILE PIZ expresion PDE bloque .

    $default  reduce using rule 94 (while)


state 196

   63 bloque: LLIZ sentencias LLDE .

    $default  reduce using rule 63 (bloque)


state 197

   66 if: IF expresion bloque ELSE bloque .

    $default  reduce using rule 66 (if)


state 198

  100 in: IN PIZ OP_INOUT COMA ID . PDE PYC

    PDE  shift, and go to state 207


state 199

   97 out: OUT PIZ TEXTO_OUT PDE PYC .

    $default  reduce using rule 97 (out)


state 200

   99 ids: ID .

    $default  reduce using rule 99 (ids)


state 201

   96 out: OUT PIZ TEXTO_OUT COMA ids . PDE PYC
   98 ids: ids . COMA ID

    PDE   shift, and go to state 208
    COMA  shift, and go to state 209


state 202

   54 casos_s: CASE . literal PUNTOS sentencias BREAK PYC
   56        | CASE . literal PUNTOS BREAK PYC

    NUM        shift, and go to state 210
    TEXTO_OUT  shift, and go to state 211

    literal  go to state 212


state 203

   61 caso_defecto: DEFAULT . PUNTOS sentencias
   62             | DEFAULT . PUNTOS

    PUNTOS  shift, and go to state 213


state 204

   52 switch: SWITCH PIZ ID PDE LLIZ LLDE .

    $default  reduce using rule 52 (switch)


state 205

   49 switch: SWITCH PIZ ID PDE LLIZ casos_s . caso_defecto LLDE
   51       | SWITCH PIZ ID PDE LLIZ casos_s . LLDE
   53 casos_s: casos_s . CASE literal PUNTOS sentencias BREAK PYC
   55        | casos_s . CASE literal PUNTOS BREAK PYC

    CASE     shift, and go to state 214
    DEFAULT  shift, and go to state 203
    LLDE     shift, and go to state 215

    caso_defecto  go to state 216


state 206

   50 switch: SWITCH PIZ ID PDE LLIZ caso_defecto . LLDE

    LLDE  shift, and go to state 217


state 207

  100 in: IN PIZ OP_INOUT COMA ID PDE . PYC

    PYC  shift, and go to state 218


state 208

   96 out: OUT PIZ TEXTO_OUT COMA ids PDE . PYC

    PYC  shift, and go to state 219


state 209

   98 ids: ids COMA . ID

    ID  shift, and go to state 220


state 210

   57 literal: NUM .

    $default  reduce using rule 57 (literal)


state 211

   58 literal: TEXTO_OUT .

    $default  reduce using rule 58 (literal)


state 212

   54 casos_s: CASE literal . PUNTOS sentencias BREAK PYC
   56        | CASE literal . PUNTOS BREAK PYC

    PUNTOS  shift, and go to state 221


state 213

   61 caso_defecto: DEFAULT PUNTOS . sentencias
   62             | DEFAULT PUNTOS .

    ID         shift, and go to state 155
    NUM        shift, and go to state 60
    REAL       shift, and go to state 61
    TRUE       shift, and go to state 62
    FALSE      shift, and go to state 63
    CARACTER   shift, and go to state 64
    TEXTO_OUT  shift, and go to state 65
    EMPTY      shift, and go to state 66
    LENGTH     shift, and go to state 67
    VOID       shift, and go to state 104
    SWITCH     shift, and go to state 105
    WHILE      shift, and go to state 106
    IF         shift, and go to state 107
    IN         shift, and go to state 108
    OUT        shift, and go to state 109
    CREATE     shift, and go to state 68
    DELETE     shift, and go to state 110
    PIZ        shift, and go to state 69
    COMPC      shift, and go to state 70
    NEGEXP     shift, and go to state 71

    $default  reduce using rule 62 (caso_defecto)

    proc                    go to state 113
    sentencia               go to state 114
    switch                  go to state 115
    sentencias              go to state 222
    if                      go to state 117
    expresion               go to state 118
    while                   go to state 119
    out                     go to state 120
    in                      go to state 121
    llamada_proc            go to state 122
    llamada_conjunto        go to state 123
    crea_conjunto           go to state 73
    destruye_conjunto       go to state 124
    llamada_sivacio         go to state 74
    llamada_length          go to state 75
    inserta_conjunto        go to state 125
    saca_conjunto           go to state 126
    llamada_complementario  go to state 76


state 214

   53 casos_s: casos_s CASE . literal PUNTOS sentencias BREAK PYC
   55        | casos_s CASE . literal PUNTOS BREAK PYC

    NUM        shift, and go to state 210
    TEXTO_OUT  shift, and go to state 211

    literal  go to state 223


state 215

   51 switch: SWITCH PIZ ID PDE LLIZ casos_s LLDE .

    $default  reduce using rule 51 (switch)


state 216

   49 switch: SWITCH PIZ ID PDE LLIZ casos_s caso_defecto . LLDE

    LLDE  shift, and go to state 224


state 217

   50 switch: SWITCH PIZ ID PDE LLIZ caso_defecto LLDE .

    $default  reduce using rule 50 (switch)


state 218

  100 in: IN PIZ OP_INOUT COMA ID PDE PYC .

    $default  reduce using rule 100 (in)


state 219

   96 out: OUT PIZ TEXTO_OUT COMA ids PDE PYC .

    $default  reduce using rule 96 (out)


state 220

   98 ids: ids COMA ID .

    $default  reduce using rule 98 (ids)


state 221

   54 casos_s: CASE literal PUNTOS . sentencias BREAK PYC
   56        | CASE literal PUNTOS . BREAK PYC

    ID         shift, and go to state 155
    NUM        shift, and go to state 60
    BREAK      shift, and go to state 225
    REAL       shift, and go to state 61
    TRUE       shift, and go to state 62
    FALSE      shift, and go to state 63
    CARACTER   shift, and go to state 64
    TEXTO_OUT  shift, and go to state 65
    EMPTY      shift, and go to state 66
    LENGTH     shift, and go to state 67
    VOID       shift, and go to state 104
    SWITCH     shift, and go to state 105
    WHILE      shift, and go to state 106
    IF         shift, and go to state 107
    IN         shift, and go to state 108
    OUT        shift, and go to state 109
    CREATE     shift, and go to state 68
    DELETE     shift, and go to state 110
    PIZ        shift, and go to state 69
    COMPC      shift, and go to state 70
    NEGEXP     shift, and go to state 71

    proc                    go to state 113
    sentencia               go to state 114
    switch                  go to state 115
    sentencias              go to state 226
    if                      go to state 117
    expresion               go to state 118
    while                   go to state 119
    out                     go to state 120
    in                      go to state 121
    llamada_proc            go to state 122
    llamada_conjunto        go to state 123
    crea_conjunto           go to state 73
    destruye_conjunto       go to state 124
    llamada_sivacio         go to state 74
    llamada_length          go to state 75
    inserta_conjunto        go to state 125
    saca_conjunto           go to state 126
    llamada_complementario  go to state 76


state 222

   59 sentencias: sentencias . sentencia
   61 caso_defecto: DEFAULT PUNTOS sentencias .

    ID         shift, and go to state 155
    NUM        shift, and go to state 60
    REAL       shift, and go to state 61
    TRUE       shift, and go to state 62
    FALSE      shift, and go to state 63
    CARACTER   shift, and go to state 64
    TEXTO_OUT  shift, and go to state 65
    EMPTY      shift, and go to state 66
    LENGTH     shift, and go to state 67
    VOID       shift, and go to state 104
    SWITCH     shift, and go to state 105
    WHILE      shift, and go to state 106
    IF         shift, and go to state 107
    IN         shift, and go to state 108
    OUT        shift, and go to state 109
    CREATE     shift, and go to state 68
    DELETE     shift, and go to state 110
    PIZ        shift, and go to state 69
    COMPC      shift, and go to state 70
    NEGEXP     shift, and go to state 71

    $default  reduce using rule 61 (caso_defecto)

    proc                    go to state 113
    sentencia               go to state 157
    switch                  go to state 115
    if                      go to state 117
    expresion               go to state 118
    while                   go to state 119
    out                     go to state 120
    in                      go to state 121
    llamada_proc            go to state 122
    llamada_conjunto        go to state 123
    crea_conjunto           go to state 73
    destruye_conjunto       go to state 124
    llamada_sivacio         go to state 74
    llamada_length          go to state 75
    inserta_conjunto        go to state 125
    saca_conjunto           go to state 126
    llamada_complementario  go to state 76


state 223

   53 casos_s: casos_s CASE literal . PUNTOS sentencias BREAK PYC
   55        | casos_s CASE literal . PUNTOS BREAK PYC

    PUNTOS  shift, and go to state 227


state 224

   49 switch: SWITCH PIZ ID PDE LLIZ casos_s caso_defecto LLDE .

    $default  reduce using rule 49 (switch)


state 225

   56 casos_s: CASE literal PUNTOS BREAK . PYC

    PYC  shift, and go to state 228


state 226

   54 casos_s: CASE literal PUNTOS sentencias . BREAK PYC
   59 sentencias: sentencias . sentencia

    ID         shift, and go to state 155
    NUM        shift, and go to state 60
    BREAK      shift, and go to state 229
    REAL       shift, and go to state 61
    TRUE       shift, and go to state 62
    FALSE      shift, and go to state 63
    CARACTER   shift, and go to state 64
    TEXTO_OUT  shift, and go to state 65
    EMPTY      shift, and go to state 66
    LENGTH     shift, and go to state 67
    VOID       shift, and go to state 104
    SWITCH     shift, and go to state 105
    WHILE      shift, and go to state 106
    IF         shift, and go to state 107
    IN         shift, and go to state 108
    OUT        shift, and go to state 109
    CREATE     shift, and go to state 68
    DELETE     shift, and go to state 110
    PIZ        shift, and go to state 69
    COMPC      shift, and go to state 70
    NEGEXP     shift, and go to state 71

    proc                    go to state 113
    sentencia               go to state 157
    switch                  go to state 115
    if                      go to state 117
    expresion               go to state 118
    while                   go to state 119
    out                     go to state 120
    in                      go to state 121
    llamada_proc            go to state 122
    llamada_conjunto        go to state 123
    crea_conjunto           go to state 73
    destruye_conjunto       go to state 124
    llamada_sivacio         go to state 74
    llamada_length          go to state 75
    inserta_conjunto        go to state 125
    saca_conjunto           go to state 126
    llamada_complementario  go to state 76


state 227

   53 casos_s: casos_s CASE literal PUNTOS . sentencias BREAK PYC
   55        | casos_s CASE literal PUNTOS . BREAK PYC

    ID         shift, and go to state 155
    NUM        shift, and go to state 60
    BREAK      shift, and go to state 230
    REAL       shift, and go to state 61
    TRUE       shift, and go to state 62
    FALSE      shift, and go to state 63
    CARACTER   shift, and go to state 64
    TEXTO_OUT  shift, and go to state 65
    EMPTY      shift, and go to state 66
    LENGTH     shift, and go to state 67
    VOID       shift, and go to state 104
    SWITCH     shift, and go to state 105
    WHILE      shift, and go to state 106
    IF         shift, and go to state 107
    IN         shift, and go to state 108
    OUT        shift, and go to state 109
    CREATE     shift, and go to state 68
    DELETE     shift, and go to state 110
    PIZ        shift, and go to state 69
    COMPC      shift, and go to state 70
    NEGEXP     shift, and go to state 71

    proc                    go to state 113
    sentencia               go to state 114
    switch                  go to state 115
    sentencias              go to state 231
    if                      go to state 117
    expresion               go to state 118
    while                   go to state 119
    out                     go to state 120
    in                      go to state 121
    llamada_proc            go to state 122
    llamada_conjunto        go to state 123
    crea_conjunto           go to state 73
    destruye_conjunto       go to state 124
    llamada_sivacio         go to state 74
    llamada_length          go to state 75
    inserta_conjunto        go to state 125
    saca_conjunto           go to state 126
    llamada_complementario  go to state 76


state 228

   56 casos_s: CASE literal PUNTOS BREAK PYC .

    $default  reduce using rule 56 (casos_s)


state 229

   54 casos_s: CASE literal PUNTOS sentencias BREAK . PYC

    PYC  shift, and go to state 232


state 230

   55 casos_s: casos_s CASE literal PUNTOS BREAK . PYC

    PYC  shift, and go to state 233


state 231

   53 casos_s: casos_s CASE literal PUNTOS sentencias . BREAK PYC
   59 sentencias: sentencias . sentencia

    ID         shift, and go to state 155
    NUM        shift, and go to state 60
    BREAK      shift, and go to state 234
    REAL       shift, and go to state 61
    TRUE       shift, and go to state 62
    FALSE      shift, and go to state 63
    CARACTER   shift, and go to state 64
    TEXTO_OUT  shift, and go to state 65
    EMPTY      shift, and go to state 66
    LENGTH     shift, and go to state 67
    VOID       shift, and go to state 104
    SWITCH     shift, and go to state 105
    WHILE      shift, and go to state 106
    IF         shift, and go to state 107
    IN         shift, and go to state 108
    OUT        shift, and go to state 109
    CREATE     shift, and go to state 68
    DELETE     shift, and go to state 110
    PIZ        shift, and go to state 69
    COMPC      shift, and go to state 70
    NEGEXP     shift, and go to state 71

    proc                    go to state 113
    sentencia               go to state 157
    switch                  go to state 115
    if                      go to state 117
    expresion               go to state 118
    while                   go to state 119
    out                     go to state 120
    in                      go to state 121
    llamada_proc            go to state 122
    llamada_conjunto        go to state 123
    crea_conjunto           go to state 73
    destruye_conjunto       go to state 124
    llamada_sivacio         go to state 74
    llamada_length          go to state 75
    inserta_conjunto        go to state 125
    saca_conjunto           go to state 126
    llamada_complementario  go to state 76


state 232

   54 casos_s: CASE literal PUNTOS sentencias BREAK PYC .

    $default  reduce using rule 54 (casos_s)


state 233

   55 casos_s: casos_s CASE literal PUNTOS BREAK PYC .

    $default  reduce using rule 55 (casos_s)


state 234

   53 casos_s: casos_s CASE literal PUNTOS sentencias BREAK . PYC

    PYC  shift, and go to state 235


state 235

   53 casos_s: casos_s CASE literal PUNTOS sentencias BREAK PYC .

    $default  reduce using rule 53 (casos_s)
