   0  $accept : prog $end

   1  prog : dec1 dec2
   2       | dec2

   3  dec1 : incs_s defs_s tipos_s
   4       | defs_s tipos_s
   5       | incs_s tipos_s
   6       | incs_s defs_s
   7       | incs_s
   8       | defs_s
   9       | tipos_s

  10  dec2 : vars_s procs_s main
  11       | vars_s main
  12       | procs_s main
  13       | main

  14  incs_s : incs_s incs
  15         | incs

  16  defs_s : defs_s defs defs

  17  tipos_s : tipos_s tipos
  18          | tipos

  19  vars_s : vars_s vars
  20         | vars

  21  procs_s : procs_s proc
  22          | proc

  23  incs : INCLUDE cabeceras

  24  cabeceras : CAB1
  25            | CAB2

  26  defs : DEFINE ID NUM

  27  tipos : TYPEDEF tipo ID PYC

  28  tipo : INT
  29       | FLOAT
  30       | CHAR
  31       | SET
  32       | ID
  33       | BOOL
  34       | STRING

  35  $$1 :

  36  vars : tipo $$1 variables PYC

  37  variables : variables COMA variables_s
  38            | variables_s

  39  variables_s : variable
  40              | variable ASI expresion

  41  variable : ID

  42  $$2 :

  43  $$3 :

  44  proc : VOID ID PIZ $$2 params PDE $$3 cuerpo

  45  $$4 :

  46  $$5 :

  47  proc : VOID ID PIZ $$4 PDE $$5 cuerpo

  48  params : params COMA tipo ID
  49         | tipo ID

  50  sentencia : switch
  51            | if
  52            | while
  53            | in
  54            | out
  55            | proc
  56            | llamada_proc
  57            | llamada_conjunto PYC
  58            | expresion PYC
  59            | imprimir_tabla

  60  imprimir_tabla : IMPRIMIR_TABLA PYC

  61  switch : SWITCH PIZ ID PDE LLIZ casos_s caso_defecto LLDE
  62         | SWITCH PIZ ID PDE LLIZ caso_defecto LLDE
  63         | SWITCH PIZ ID PDE LLIZ casos_s LLDE
  64         | SWITCH PIZ ID PDE LLIZ LLDE

  65  casos_s : casos_s CASE literal PUNTOS sentencias BREAK PYC
  66          | CASE literal PUNTOS sentencias BREAK PYC
  67          | casos_s CASE literal PUNTOS BREAK PYC
  68          | CASE literal PUNTOS BREAK PYC

  69  literal : NUM
  70          | CARACTER

  71  sentencias : sentencias sentencia
  72             | sentencia

  73  caso_defecto : DEFAULT PUNTOS sentencias
  74               | DEFAULT PUNTOS

  75  $$6 :

  76  bloque : LLIZ $$6 sentencias LLDE

  77  $$7 :

  78  bloque : $$7 sentencia

  79  $$8 :

  80  bloque : LLIZ $$8 LLDE

  81  $$9 :

  82  if : IF expresion bloque ELSE $$9 bloque
  83     | IF expresion bloque

  84  expresion : expresion SUM expresion
  85            | expresion RES expresion
  86            | expresion MUL expresion
  87            | expresion DIV expresion
  88            | expresion AND expresion
  89            | expresion OR expresion
  90            | expresion MAYORIQ expresion
  91            | expresion MENORIQ expresion
  92            | expresion MAYORQ expresion
  93            | expresion MENORQ expresion
  94            | expresion DIST expresion
  95            | expresion II expresion
  96            | NUM
  97            | PIZ expresion PDE
  98            | NEGEXP expresion
  99            | ID
 100            | REAL
 101            | TRUE
 102            | FALSE
 103            | CARACTER
 104            | STRING
 105            | crea_conjunto
 106            | llamada_complementario
 107            | llamada_sivacio
 108            | llamada_length
 109            | ID ASI expresion

 110  while : WHILE PIZ expresion PDE bloque
 111        | WHILE PIZ expresion PDE PYC

 112  out : OUT PIZ STRING COMA ids PDE PYC
 113      | OUT PIZ STRING PDE PYC

 114  ids : ids COMA ID
 115      | ID

 116  in : IN PIZ OP_INOUT COMA ID PDE PYC

 117  $$10 :

 118  $$11 :

 119  llamada_proc : ID PIZ $$10 params_llamada $$11 PDE PYC
 120               | ID PIZ PDE PYC

 121  params_llamada : params_llamada COMA expresion
 122                 | expresion

 123  $$12 :

 124  main : VOID MAIN $$12 PIZ PDE cuerpo

 125  cuerpo : LLIZ vars_s sentencias LLDE
 126         | LLIZ sentencias LLDE
 127         | LLIZ vars_s LLDE
 128         | LLIZ LLDE

 129  llamada_conjunto : inserta_conjunto
 130                   | saca_conjunto
 131                   | destruye_conjunto

 132  crea_conjunto : CREATE PIZ PDE

 133  destruye_conjunto : DELETE PIZ ID PDE

 134  llamada_sivacio : EMPTY PIZ ID PDE

 135  llamada_length : LENGTH PIZ ID PDE

 136  inserta_conjunto : ID ADDC expresion

 137  saca_conjunto : ID MINC expresion

 138  llamada_complementario : COMPC ID

state 0
	$accept : . prog $end  (0)

	ID  shift 1
	INT  shift 2
	FLOAT  shift 3
	CHAR  shift 4
	SET  shift 5
	TYPEDEF  shift 6
	STRING  shift 7
	BOOL  shift 8
	VOID  shift 9
	INCLUDE  shift 10
	.  error

	prog  goto 11
	dec1  goto 12
	dec2  goto 13
	incs_s  goto 14
	defs_s  goto 15
	tipos_s  goto 16
	vars_s  goto 17
	procs_s  goto 18
	main  goto 19
	incs  goto 20
	tipos  goto 21
	vars  goto 22
	proc  goto 23
	tipo  goto 24


state 1
	tipo : ID .  (32)

	.  reduce 32


state 2
	tipo : INT .  (28)

	.  reduce 28


state 3
	tipo : FLOAT .  (29)

	.  reduce 29


state 4
	tipo : CHAR .  (30)

	.  reduce 30


state 5
	tipo : SET .  (31)

	.  reduce 31


state 6
	tipos : TYPEDEF . tipo ID PYC  (27)

	ID  shift 1
	INT  shift 2
	FLOAT  shift 3
	CHAR  shift 4
	SET  shift 5
	STRING  shift 7
	BOOL  shift 8
	.  error

	tipo  goto 25


state 7
	tipo : STRING .  (34)

	.  reduce 34


state 8
	tipo : BOOL .  (33)

	.  reduce 33


state 9
	proc : VOID . ID PIZ $$2 params PDE $$3 cuerpo  (44)
	proc : VOID . ID PIZ $$4 PDE $$5 cuerpo  (47)
	main : VOID . MAIN $$12 PIZ PDE cuerpo  (124)

	ID  shift 26
	MAIN  shift 27
	.  error


state 10
	incs : INCLUDE . cabeceras  (23)

	CAB1  shift 28
	CAB2  shift 29
	.  error

	cabeceras  goto 30


state 11
	$accept : prog . $end  (0)

	$end  accept


state 12
	prog : dec1 . dec2  (1)

	ID  shift 1
	INT  shift 2
	FLOAT  shift 3
	CHAR  shift 4
	SET  shift 5
	STRING  shift 7
	BOOL  shift 8
	VOID  shift 9
	.  error

	dec2  goto 31
	vars_s  goto 17
	procs_s  goto 18
	main  goto 19
	vars  goto 22
	proc  goto 23
	tipo  goto 24


state 13
	prog : dec2 .  (2)

	.  reduce 2


state 14
	dec1 : incs_s . defs_s tipos_s  (3)
	dec1 : incs_s . tipos_s  (5)
	dec1 : incs_s . defs_s  (6)
	dec1 : incs_s .  (7)
	incs_s : incs_s . incs  (14)

	TYPEDEF  shift 6
	INCLUDE  shift 10
	ID  reduce 7
	INT  reduce 7
	FLOAT  reduce 7
	CHAR  reduce 7
	SET  reduce 7
	STRING  reduce 7
	BOOL  reduce 7
	VOID  reduce 7

	defs_s  goto 32
	tipos_s  goto 33
	incs  goto 34
	tipos  goto 21


state 15
	dec1 : defs_s . tipos_s  (4)
	dec1 : defs_s .  (8)
	defs_s : defs_s . defs defs  (16)

	TYPEDEF  shift 6
	DEFINE  shift 35
	ID  reduce 8
	INT  reduce 8
	FLOAT  reduce 8
	CHAR  reduce 8
	SET  reduce 8
	STRING  reduce 8
	BOOL  reduce 8
	VOID  reduce 8

	tipos_s  goto 36
	defs  goto 37
	tipos  goto 21


state 16
	dec1 : tipos_s .  (9)
	tipos_s : tipos_s . tipos  (17)

	TYPEDEF  shift 6
	ID  reduce 9
	INT  reduce 9
	FLOAT  reduce 9
	CHAR  reduce 9
	SET  reduce 9
	STRING  reduce 9
	BOOL  reduce 9
	VOID  reduce 9

	tipos  goto 38


state 17
	dec2 : vars_s . procs_s main  (10)
	dec2 : vars_s . main  (11)
	vars_s : vars_s . vars  (19)

	ID  shift 1
	INT  shift 2
	FLOAT  shift 3
	CHAR  shift 4
	SET  shift 5
	STRING  shift 7
	BOOL  shift 8
	VOID  shift 9
	.  error

	procs_s  goto 39
	main  goto 40
	vars  goto 41
	proc  goto 23
	tipo  goto 24


state 18
	dec2 : procs_s . main  (12)
	procs_s : procs_s . proc  (21)

	VOID  shift 9
	.  error

	main  goto 42
	proc  goto 43


state 19
	dec2 : main .  (13)

	.  reduce 13


state 20
	incs_s : incs .  (15)

	.  reduce 15


state 21
	tipos_s : tipos .  (18)

	.  reduce 18


state 22
	vars_s : vars .  (20)

	.  reduce 20


state 23
	procs_s : proc .  (22)

	.  reduce 22


state 24
	vars : tipo . $$1 variables PYC  (36)
	$$1 : .  (35)

	.  reduce 35

	$$1  goto 44


state 25
	tipos : TYPEDEF tipo . ID PYC  (27)

	ID  shift 45
	.  error


state 26
	proc : VOID ID . PIZ $$2 params PDE $$3 cuerpo  (44)
	proc : VOID ID . PIZ $$4 PDE $$5 cuerpo  (47)

	PIZ  shift 46
	.  error


state 27
	main : VOID MAIN . $$12 PIZ PDE cuerpo  (124)
	$$12 : .  (123)

	.  reduce 123

	$$12  goto 47


state 28
	cabeceras : CAB1 .  (24)

	.  reduce 24


state 29
	cabeceras : CAB2 .  (25)

	.  reduce 25


state 30
	incs : INCLUDE cabeceras .  (23)

	.  reduce 23


state 31
	prog : dec1 dec2 .  (1)

	.  reduce 1


state 32
	dec1 : incs_s defs_s . tipos_s  (3)
	dec1 : incs_s defs_s .  (6)
	defs_s : defs_s . defs defs  (16)

	TYPEDEF  shift 6
	DEFINE  shift 35
	ID  reduce 6
	INT  reduce 6
	FLOAT  reduce 6
	CHAR  reduce 6
	SET  reduce 6
	STRING  reduce 6
	BOOL  reduce 6
	VOID  reduce 6

	tipos_s  goto 48
	defs  goto 37
	tipos  goto 21


state 33
	dec1 : incs_s tipos_s .  (5)
	tipos_s : tipos_s . tipos  (17)

	TYPEDEF  shift 6
	ID  reduce 5
	INT  reduce 5
	FLOAT  reduce 5
	CHAR  reduce 5
	SET  reduce 5
	STRING  reduce 5
	BOOL  reduce 5
	VOID  reduce 5

	tipos  goto 38


state 34
	incs_s : incs_s incs .  (14)

	.  reduce 14


state 35
	defs : DEFINE . ID NUM  (26)

	ID  shift 49
	.  error


state 36
	dec1 : defs_s tipos_s .  (4)
	tipos_s : tipos_s . tipos  (17)

	TYPEDEF  shift 6
	ID  reduce 4
	INT  reduce 4
	FLOAT  reduce 4
	CHAR  reduce 4
	SET  reduce 4
	STRING  reduce 4
	BOOL  reduce 4
	VOID  reduce 4

	tipos  goto 38


state 37
	defs_s : defs_s defs . defs  (16)

	DEFINE  shift 35
	.  error

	defs  goto 50


state 38
	tipos_s : tipos_s tipos .  (17)

	.  reduce 17


state 39
	dec2 : vars_s procs_s . main  (10)
	procs_s : procs_s . proc  (21)

	VOID  shift 9
	.  error

	main  goto 51
	proc  goto 43


state 40
	dec2 : vars_s main .  (11)

	.  reduce 11


state 41
	vars_s : vars_s vars .  (19)

	.  reduce 19


state 42
	dec2 : procs_s main .  (12)

	.  reduce 12


state 43
	procs_s : procs_s proc .  (21)

	.  reduce 21


state 44
	vars : tipo $$1 . variables PYC  (36)

	ID  shift 52
	.  error

	variables  goto 53
	variables_s  goto 54
	variable  goto 55


state 45
	tipos : TYPEDEF tipo ID . PYC  (27)

	PYC  shift 56
	.  error


state 46
	proc : VOID ID PIZ . $$2 params PDE $$3 cuerpo  (44)
	proc : VOID ID PIZ . $$4 PDE $$5 cuerpo  (47)
	$$2 : .  (42)
	$$4 : .  (45)

	ID  reduce 42
	INT  reduce 42
	FLOAT  reduce 42
	CHAR  reduce 42
	SET  reduce 42
	STRING  reduce 42
	BOOL  reduce 42
	PDE  reduce 45

	$$2  goto 57
	$$4  goto 58


state 47
	main : VOID MAIN $$12 . PIZ PDE cuerpo  (124)

	PIZ  shift 59
	.  error


state 48
	dec1 : incs_s defs_s tipos_s .  (3)
	tipos_s : tipos_s . tipos  (17)

	TYPEDEF  shift 6
	ID  reduce 3
	INT  reduce 3
	FLOAT  reduce 3
	CHAR  reduce 3
	SET  reduce 3
	STRING  reduce 3
	BOOL  reduce 3
	VOID  reduce 3

	tipos  goto 38


state 49
	defs : DEFINE ID . NUM  (26)

	NUM  shift 60
	.  error


state 50
	defs_s : defs_s defs defs .  (16)

	.  reduce 16


state 51
	dec2 : vars_s procs_s main .  (10)

	.  reduce 10


state 52
	variable : ID .  (41)

	.  reduce 41


state 53
	vars : tipo $$1 variables . PYC  (36)
	variables : variables . COMA variables_s  (37)

	PYC  shift 61
	COMA  shift 62
	.  error


state 54
	variables : variables_s .  (38)

	.  reduce 38


state 55
	variables_s : variable .  (39)
	variables_s : variable . ASI expresion  (40)

	ASI  shift 63
	PYC  reduce 39
	COMA  reduce 39


state 56
	tipos : TYPEDEF tipo ID PYC .  (27)

	.  reduce 27


state 57
	proc : VOID ID PIZ $$2 . params PDE $$3 cuerpo  (44)

	ID  shift 1
	INT  shift 2
	FLOAT  shift 3
	CHAR  shift 4
	SET  shift 5
	STRING  shift 7
	BOOL  shift 8
	.  error

	tipo  goto 64
	params  goto 65


state 58
	proc : VOID ID PIZ $$4 . PDE $$5 cuerpo  (47)

	PDE  shift 66
	.  error


state 59
	main : VOID MAIN $$12 PIZ . PDE cuerpo  (124)

	PDE  shift 67
	.  error


state 60
	defs : DEFINE ID NUM .  (26)

	.  reduce 26


state 61
	vars : tipo $$1 variables PYC .  (36)

	.  reduce 36


state 62
	variables : variables COMA . variables_s  (37)

	ID  shift 52
	.  error

	variables_s  goto 68
	variable  goto 55


state 63
	variables_s : variable ASI . expresion  (40)

	ID  shift 69
	NUM  shift 70
	REAL  shift 71
	STRING  shift 72
	TRUE  shift 73
	FALSE  shift 74
	CARACTER  shift 75
	EMPTY  shift 76
	LENGTH  shift 77
	CREATE  shift 78
	PIZ  shift 79
	COMPC  shift 80
	NEGEXP  shift 81
	.  error

	expresion  goto 82
	crea_conjunto  goto 83
	llamada_complementario  goto 84
	llamada_sivacio  goto 85
	llamada_length  goto 86


state 64
	params : tipo . ID  (49)

	ID  shift 87
	.  error


state 65
	proc : VOID ID PIZ $$2 params . PDE $$3 cuerpo  (44)
	params : params . COMA tipo ID  (48)

	PDE  shift 88
	COMA  shift 89
	.  error


state 66
	proc : VOID ID PIZ $$4 PDE . $$5 cuerpo  (47)
	$$5 : .  (46)

	.  reduce 46

	$$5  goto 90


state 67
	main : VOID MAIN $$12 PIZ PDE . cuerpo  (124)

	LLIZ  shift 91
	.  error

	cuerpo  goto 92


state 68
	variables : variables COMA variables_s .  (37)

	.  reduce 37


state 69
	expresion : ID .  (99)
	expresion : ID . ASI expresion  (109)

	ASI  shift 93
	ID  reduce 99
	NUM  reduce 99
	REAL  reduce 99
	STRING  reduce 99
	TRUE  reduce 99
	FALSE  reduce 99
	CARACTER  reduce 99
	EMPTY  reduce 99
	LENGTH  reduce 99
	VOID  reduce 99
	SWITCH  reduce 99
	WHILE  reduce 99
	IF  reduce 99
	IN  reduce 99
	OUT  reduce 99
	CREATE  reduce 99
	DELETE  reduce 99
	PIZ  reduce 99
	PDE  reduce 99
	IMPRIMIR_TABLA  reduce 99
	LLIZ  reduce 99
	PYC  reduce 99
	COMA  reduce 99
	MAYORIQ  reduce 99
	MENORIQ  reduce 99
	MAYORQ  reduce 99
	MENORQ  reduce 99
	DIST  reduce 99
	II  reduce 99
	SUM  reduce 99
	RES  reduce 99
	MUL  reduce 99
	DIV  reduce 99
	AND  reduce 99
	OR  reduce 99
	COMPC  reduce 99
	NEGEXP  reduce 99


state 70
	expresion : NUM .  (96)

	.  reduce 96


state 71
	expresion : REAL .  (100)

	.  reduce 100


state 72
	expresion : STRING .  (104)

	.  reduce 104


state 73
	expresion : TRUE .  (101)

	.  reduce 101


state 74
	expresion : FALSE .  (102)

	.  reduce 102


state 75
	expresion : CARACTER .  (103)

	.  reduce 103


state 76
	llamada_sivacio : EMPTY . PIZ ID PDE  (134)

	PIZ  shift 94
	.  error


state 77
	llamada_length : LENGTH . PIZ ID PDE  (135)

	PIZ  shift 95
	.  error


state 78
	crea_conjunto : CREATE . PIZ PDE  (132)

	PIZ  shift 96
	.  error


state 79
	expresion : PIZ . expresion PDE  (97)

	ID  shift 69
	NUM  shift 70
	REAL  shift 71
	STRING  shift 72
	TRUE  shift 73
	FALSE  shift 74
	CARACTER  shift 75
	EMPTY  shift 76
	LENGTH  shift 77
	CREATE  shift 78
	PIZ  shift 79
	COMPC  shift 80
	NEGEXP  shift 81
	.  error

	expresion  goto 97
	crea_conjunto  goto 83
	llamada_complementario  goto 84
	llamada_sivacio  goto 85
	llamada_length  goto 86


state 80
	llamada_complementario : COMPC . ID  (138)

	ID  shift 98
	.  error


state 81
	expresion : NEGEXP . expresion  (98)

	ID  shift 69
	NUM  shift 70
	REAL  shift 71
	STRING  shift 72
	TRUE  shift 73
	FALSE  shift 74
	CARACTER  shift 75
	EMPTY  shift 76
	LENGTH  shift 77
	CREATE  shift 78
	PIZ  shift 79
	COMPC  shift 80
	NEGEXP  shift 81
	.  error

	expresion  goto 99
	crea_conjunto  goto 83
	llamada_complementario  goto 84
	llamada_sivacio  goto 85
	llamada_length  goto 86


state 82
	variables_s : variable ASI expresion .  (40)
	expresion : expresion . SUM expresion  (84)
	expresion : expresion . RES expresion  (85)
	expresion : expresion . MUL expresion  (86)
	expresion : expresion . DIV expresion  (87)
	expresion : expresion . AND expresion  (88)
	expresion : expresion . OR expresion  (89)
	expresion : expresion . MAYORIQ expresion  (90)
	expresion : expresion . MENORIQ expresion  (91)
	expresion : expresion . MAYORQ expresion  (92)
	expresion : expresion . MENORQ expresion  (93)
	expresion : expresion . DIST expresion  (94)
	expresion : expresion . II expresion  (95)

	MAYORIQ  shift 100
	MENORIQ  shift 101
	MAYORQ  shift 102
	MENORQ  shift 103
	DIST  shift 104
	II  shift 105
	SUM  shift 106
	RES  shift 107
	MUL  shift 108
	DIV  shift 109
	AND  shift 110
	OR  shift 111
	PYC  reduce 40
	COMA  reduce 40


state 83
	expresion : crea_conjunto .  (105)

	.  reduce 105


state 84
	expresion : llamada_complementario .  (106)

	.  reduce 106


state 85
	expresion : llamada_sivacio .  (107)

	.  reduce 107


state 86
	expresion : llamada_length .  (108)

	.  reduce 108


state 87
	params : tipo ID .  (49)

	.  reduce 49


state 88
	proc : VOID ID PIZ $$2 params PDE . $$3 cuerpo  (44)
	$$3 : .  (43)

	.  reduce 43

	$$3  goto 112


state 89
	params : params COMA . tipo ID  (48)

	ID  shift 1
	INT  shift 2
	FLOAT  shift 3
	CHAR  shift 4
	SET  shift 5
	STRING  shift 7
	BOOL  shift 8
	.  error

	tipo  goto 113


state 90
	proc : VOID ID PIZ $$4 PDE $$5 . cuerpo  (47)

	LLIZ  shift 91
	.  error

	cuerpo  goto 114


state 91
	cuerpo : LLIZ . vars_s sentencias LLDE  (125)
	cuerpo : LLIZ . sentencias LLDE  (126)
	cuerpo : LLIZ . vars_s LLDE  (127)
	cuerpo : LLIZ . LLDE  (128)

	ID  shift 115
	NUM  shift 70
	INT  shift 2
	FLOAT  shift 3
	CHAR  shift 4
	SET  shift 5
	REAL  shift 71
	STRING  shift 116
	BOOL  shift 8
	TRUE  shift 73
	FALSE  shift 74
	CARACTER  shift 75
	EMPTY  shift 76
	LENGTH  shift 77
	VOID  shift 117
	SWITCH  shift 118
	WHILE  shift 119
	IF  shift 120
	IN  shift 121
	OUT  shift 122
	CREATE  shift 78
	DELETE  shift 123
	PIZ  shift 79
	IMPRIMIR_TABLA  shift 124
	LLDE  shift 125
	COMPC  shift 80
	NEGEXP  shift 81
	.  error

	vars_s  goto 126
	vars  goto 22
	proc  goto 127
	tipo  goto 24
	expresion  goto 128
	sentencia  goto 129
	switch  goto 130
	if  goto 131
	while  goto 132
	in  goto 133
	out  goto 134
	llamada_proc  goto 135
	llamada_conjunto  goto 136
	imprimir_tabla  goto 137
	sentencias  goto 138
	crea_conjunto  goto 83
	llamada_complementario  goto 84
	llamada_sivacio  goto 85
	llamada_length  goto 86
	inserta_conjunto  goto 139
	saca_conjunto  goto 140
	destruye_conjunto  goto 141


state 92
	main : VOID MAIN $$12 PIZ PDE cuerpo .  (124)

	.  reduce 124


state 93
	expresion : ID ASI . expresion  (109)

	ID  shift 69
	NUM  shift 70
	REAL  shift 71
	STRING  shift 72
	TRUE  shift 73
	FALSE  shift 74
	CARACTER  shift 75
	EMPTY  shift 76
	LENGTH  shift 77
	CREATE  shift 78
	PIZ  shift 79
	COMPC  shift 80
	NEGEXP  shift 81
	.  error

	expresion  goto 142
	crea_conjunto  goto 83
	llamada_complementario  goto 84
	llamada_sivacio  goto 85
	llamada_length  goto 86


state 94
	llamada_sivacio : EMPTY PIZ . ID PDE  (134)

	ID  shift 143
	.  error


state 95
	llamada_length : LENGTH PIZ . ID PDE  (135)

	ID  shift 144
	.  error


state 96
	crea_conjunto : CREATE PIZ . PDE  (132)

	PDE  shift 145
	.  error


state 97
	expresion : expresion . SUM expresion  (84)
	expresion : expresion . RES expresion  (85)
	expresion : expresion . MUL expresion  (86)
	expresion : expresion . DIV expresion  (87)
	expresion : expresion . AND expresion  (88)
	expresion : expresion . OR expresion  (89)
	expresion : expresion . MAYORIQ expresion  (90)
	expresion : expresion . MENORIQ expresion  (91)
	expresion : expresion . MAYORQ expresion  (92)
	expresion : expresion . MENORQ expresion  (93)
	expresion : expresion . DIST expresion  (94)
	expresion : expresion . II expresion  (95)
	expresion : PIZ expresion . PDE  (97)

	PDE  shift 146
	MAYORIQ  shift 100
	MENORIQ  shift 101
	MAYORQ  shift 102
	MENORQ  shift 103
	DIST  shift 104
	II  shift 105
	SUM  shift 106
	RES  shift 107
	MUL  shift 108
	DIV  shift 109
	AND  shift 110
	OR  shift 111
	.  error


state 98
	llamada_complementario : COMPC ID .  (138)

	.  reduce 138


state 99
	expresion : expresion . SUM expresion  (84)
	expresion : expresion . RES expresion  (85)
	expresion : expresion . MUL expresion  (86)
	expresion : expresion . DIV expresion  (87)
	expresion : expresion . AND expresion  (88)
	expresion : expresion . OR expresion  (89)
	expresion : expresion . MAYORIQ expresion  (90)
	expresion : expresion . MENORIQ expresion  (91)
	expresion : expresion . MAYORQ expresion  (92)
	expresion : expresion . MENORQ expresion  (93)
	expresion : expresion . DIST expresion  (94)
	expresion : expresion . II expresion  (95)
	expresion : NEGEXP expresion .  (98)

	.  reduce 98


state 100
	expresion : expresion MAYORIQ . expresion  (90)

	ID  shift 69
	NUM  shift 70
	REAL  shift 71
	STRING  shift 72
	TRUE  shift 73
	FALSE  shift 74
	CARACTER  shift 75
	EMPTY  shift 76
	LENGTH  shift 77
	CREATE  shift 78
	PIZ  shift 79
	COMPC  shift 80
	NEGEXP  shift 81
	.  error

	expresion  goto 147
	crea_conjunto  goto 83
	llamada_complementario  goto 84
	llamada_sivacio  goto 85
	llamada_length  goto 86


state 101
	expresion : expresion MENORIQ . expresion  (91)

	ID  shift 69
	NUM  shift 70
	REAL  shift 71
	STRING  shift 72
	TRUE  shift 73
	FALSE  shift 74
	CARACTER  shift 75
	EMPTY  shift 76
	LENGTH  shift 77
	CREATE  shift 78
	PIZ  shift 79
	COMPC  shift 80
	NEGEXP  shift 81
	.  error

	expresion  goto 148
	crea_conjunto  goto 83
	llamada_complementario  goto 84
	llamada_sivacio  goto 85
	llamada_length  goto 86


state 102
	expresion : expresion MAYORQ . expresion  (92)

	ID  shift 69
	NUM  shift 70
	REAL  shift 71
	STRING  shift 72
	TRUE  shift 73
	FALSE  shift 74
	CARACTER  shift 75
	EMPTY  shift 76
	LENGTH  shift 77
	CREATE  shift 78
	PIZ  shift 79
	COMPC  shift 80
	NEGEXP  shift 81
	.  error

	expresion  goto 149
	crea_conjunto  goto 83
	llamada_complementario  goto 84
	llamada_sivacio  goto 85
	llamada_length  goto 86


state 103
	expresion : expresion MENORQ . expresion  (93)

	ID  shift 69
	NUM  shift 70
	REAL  shift 71
	STRING  shift 72
	TRUE  shift 73
	FALSE  shift 74
	CARACTER  shift 75
	EMPTY  shift 76
	LENGTH  shift 77
	CREATE  shift 78
	PIZ  shift 79
	COMPC  shift 80
	NEGEXP  shift 81
	.  error

	expresion  goto 150
	crea_conjunto  goto 83
	llamada_complementario  goto 84
	llamada_sivacio  goto 85
	llamada_length  goto 86


state 104
	expresion : expresion DIST . expresion  (94)

	ID  shift 69
	NUM  shift 70
	REAL  shift 71
	STRING  shift 72
	TRUE  shift 73
	FALSE  shift 74
	CARACTER  shift 75
	EMPTY  shift 76
	LENGTH  shift 77
	CREATE  shift 78
	PIZ  shift 79
	COMPC  shift 80
	NEGEXP  shift 81
	.  error

	expresion  goto 151
	crea_conjunto  goto 83
	llamada_complementario  goto 84
	llamada_sivacio  goto 85
	llamada_length  goto 86


state 105
	expresion : expresion II . expresion  (95)

	ID  shift 69
	NUM  shift 70
	REAL  shift 71
	STRING  shift 72
	TRUE  shift 73
	FALSE  shift 74
	CARACTER  shift 75
	EMPTY  shift 76
	LENGTH  shift 77
	CREATE  shift 78
	PIZ  shift 79
	COMPC  shift 80
	NEGEXP  shift 81
	.  error

	expresion  goto 152
	crea_conjunto  goto 83
	llamada_complementario  goto 84
	llamada_sivacio  goto 85
	llamada_length  goto 86


state 106
	expresion : expresion SUM . expresion  (84)

	ID  shift 69
	NUM  shift 70
	REAL  shift 71
	STRING  shift 72
	TRUE  shift 73
	FALSE  shift 74
	CARACTER  shift 75
	EMPTY  shift 76
	LENGTH  shift 77
	CREATE  shift 78
	PIZ  shift 79
	COMPC  shift 80
	NEGEXP  shift 81
	.  error

	expresion  goto 153
	crea_conjunto  goto 83
	llamada_complementario  goto 84
	llamada_sivacio  goto 85
	llamada_length  goto 86


state 107
	expresion : expresion RES . expresion  (85)

	ID  shift 69
	NUM  shift 70
	REAL  shift 71
	STRING  shift 72
	TRUE  shift 73
	FALSE  shift 74
	CARACTER  shift 75
	EMPTY  shift 76
	LENGTH  shift 77
	CREATE  shift 78
	PIZ  shift 79
	COMPC  shift 80
	NEGEXP  shift 81
	.  error

	expresion  goto 154
	crea_conjunto  goto 83
	llamada_complementario  goto 84
	llamada_sivacio  goto 85
	llamada_length  goto 86


state 108
	expresion : expresion MUL . expresion  (86)

	ID  shift 69
	NUM  shift 70
	REAL  shift 71
	STRING  shift 72
	TRUE  shift 73
	FALSE  shift 74
	CARACTER  shift 75
	EMPTY  shift 76
	LENGTH  shift 77
	CREATE  shift 78
	PIZ  shift 79
	COMPC  shift 80
	NEGEXP  shift 81
	.  error

	expresion  goto 155
	crea_conjunto  goto 83
	llamada_complementario  goto 84
	llamada_sivacio  goto 85
	llamada_length  goto 86


state 109
	expresion : expresion DIV . expresion  (87)

	ID  shift 69
	NUM  shift 70
	REAL  shift 71
	STRING  shift 72
	TRUE  shift 73
	FALSE  shift 74
	CARACTER  shift 75
	EMPTY  shift 76
	LENGTH  shift 77
	CREATE  shift 78
	PIZ  shift 79
	COMPC  shift 80
	NEGEXP  shift 81
	.  error

	expresion  goto 156
	crea_conjunto  goto 83
	llamada_complementario  goto 84
	llamada_sivacio  goto 85
	llamada_length  goto 86


state 110
	expresion : expresion AND . expresion  (88)

	ID  shift 69
	NUM  shift 70
	REAL  shift 71
	STRING  shift 72
	TRUE  shift 73
	FALSE  shift 74
	CARACTER  shift 75
	EMPTY  shift 76
	LENGTH  shift 77
	CREATE  shift 78
	PIZ  shift 79
	COMPC  shift 80
	NEGEXP  shift 81
	.  error

	expresion  goto 157
	crea_conjunto  goto 83
	llamada_complementario  goto 84
	llamada_sivacio  goto 85
	llamada_length  goto 86


state 111
	expresion : expresion OR . expresion  (89)

	ID  shift 69
	NUM  shift 70
	REAL  shift 71
	STRING  shift 72
	TRUE  shift 73
	FALSE  shift 74
	CARACTER  shift 75
	EMPTY  shift 76
	LENGTH  shift 77
	CREATE  shift 78
	PIZ  shift 79
	COMPC  shift 80
	NEGEXP  shift 81
	.  error

	expresion  goto 158
	crea_conjunto  goto 83
	llamada_complementario  goto 84
	llamada_sivacio  goto 85
	llamada_length  goto 86


state 112
	proc : VOID ID PIZ $$2 params PDE $$3 . cuerpo  (44)

	LLIZ  shift 91
	.  error

	cuerpo  goto 159


state 113
	params : params COMA tipo . ID  (48)

	ID  shift 160
	.  error


state 114
	proc : VOID ID PIZ $$4 PDE $$5 cuerpo .  (47)

	.  reduce 47


state 115
	tipo : ID .  (32)
	expresion : ID .  (99)
	expresion : ID . ASI expresion  (109)
	llamada_proc : ID . PIZ $$10 params_llamada $$11 PDE PYC  (119)
	llamada_proc : ID . PIZ PDE PYC  (120)
	inserta_conjunto : ID . ADDC expresion  (136)
	saca_conjunto : ID . MINC expresion  (137)

	PIZ  shift 161
	ASI  shift 93
	ADDC  shift 162
	MINC  shift 163
	ID  reduce 32
	PYC  reduce 99
	MAYORIQ  reduce 99
	MENORIQ  reduce 99
	MAYORQ  reduce 99
	MENORQ  reduce 99
	DIST  reduce 99
	II  reduce 99
	SUM  reduce 99
	RES  reduce 99
	MUL  reduce 99
	DIV  reduce 99
	AND  reduce 99
	OR  reduce 99


state 116
	tipo : STRING .  (34)
	expresion : STRING .  (104)

	ID  reduce 34
	PYC  reduce 104
	MAYORIQ  reduce 104
	MENORIQ  reduce 104
	MAYORQ  reduce 104
	MENORQ  reduce 104
	DIST  reduce 104
	II  reduce 104
	SUM  reduce 104
	RES  reduce 104
	MUL  reduce 104
	DIV  reduce 104
	AND  reduce 104
	OR  reduce 104


state 117
	proc : VOID . ID PIZ $$2 params PDE $$3 cuerpo  (44)
	proc : VOID . ID PIZ $$4 PDE $$5 cuerpo  (47)

	ID  shift 26
	.  error


state 118
	switch : SWITCH . PIZ ID PDE LLIZ casos_s caso_defecto LLDE  (61)
	switch : SWITCH . PIZ ID PDE LLIZ caso_defecto LLDE  (62)
	switch : SWITCH . PIZ ID PDE LLIZ casos_s LLDE  (63)
	switch : SWITCH . PIZ ID PDE LLIZ LLDE  (64)

	PIZ  shift 164
	.  error


state 119
	while : WHILE . PIZ expresion PDE bloque  (110)
	while : WHILE . PIZ expresion PDE PYC  (111)

	PIZ  shift 165
	.  error


state 120
	if : IF . expresion bloque ELSE $$9 bloque  (82)
	if : IF . expresion bloque  (83)

	ID  shift 69
	NUM  shift 70
	REAL  shift 71
	STRING  shift 72
	TRUE  shift 73
	FALSE  shift 74
	CARACTER  shift 75
	EMPTY  shift 76
	LENGTH  shift 77
	CREATE  shift 78
	PIZ  shift 79
	COMPC  shift 80
	NEGEXP  shift 81
	.  error

	expresion  goto 166
	crea_conjunto  goto 83
	llamada_complementario  goto 84
	llamada_sivacio  goto 85
	llamada_length  goto 86


state 121
	in : IN . PIZ OP_INOUT COMA ID PDE PYC  (116)

	PIZ  shift 167
	.  error


state 122
	out : OUT . PIZ STRING COMA ids PDE PYC  (112)
	out : OUT . PIZ STRING PDE PYC  (113)

	PIZ  shift 168
	.  error


state 123
	destruye_conjunto : DELETE . PIZ ID PDE  (133)

	PIZ  shift 169
	.  error


state 124
	imprimir_tabla : IMPRIMIR_TABLA . PYC  (60)

	PYC  shift 170
	.  error


state 125
	cuerpo : LLIZ LLDE .  (128)

	.  reduce 128


state 126
	vars_s : vars_s . vars  (19)
	cuerpo : LLIZ vars_s . sentencias LLDE  (125)
	cuerpo : LLIZ vars_s . LLDE  (127)

	ID  shift 115
	NUM  shift 70
	INT  shift 2
	FLOAT  shift 3
	CHAR  shift 4
	SET  shift 5
	REAL  shift 71
	STRING  shift 116
	BOOL  shift 8
	TRUE  shift 73
	FALSE  shift 74
	CARACTER  shift 75
	EMPTY  shift 76
	LENGTH  shift 77
	VOID  shift 117
	SWITCH  shift 118
	WHILE  shift 119
	IF  shift 120
	IN  shift 121
	OUT  shift 122
	CREATE  shift 78
	DELETE  shift 123
	PIZ  shift 79
	IMPRIMIR_TABLA  shift 124
	LLDE  shift 171
	COMPC  shift 80
	NEGEXP  shift 81
	.  error

	vars  goto 41
	proc  goto 127
	tipo  goto 24
	expresion  goto 128
	sentencia  goto 129
	switch  goto 130
	if  goto 131
	while  goto 132
	in  goto 133
	out  goto 134
	llamada_proc  goto 135
	llamada_conjunto  goto 136
	imprimir_tabla  goto 137
	sentencias  goto 172
	crea_conjunto  goto 83
	llamada_complementario  goto 84
	llamada_sivacio  goto 85
	llamada_length  goto 86
	inserta_conjunto  goto 139
	saca_conjunto  goto 140
	destruye_conjunto  goto 141


state 127
	sentencia : proc .  (55)

	.  reduce 55


state 128
	sentencia : expresion . PYC  (58)
	expresion : expresion . SUM expresion  (84)
	expresion : expresion . RES expresion  (85)
	expresion : expresion . MUL expresion  (86)
	expresion : expresion . DIV expresion  (87)
	expresion : expresion . AND expresion  (88)
	expresion : expresion . OR expresion  (89)
	expresion : expresion . MAYORIQ expresion  (90)
	expresion : expresion . MENORIQ expresion  (91)
	expresion : expresion . MAYORQ expresion  (92)
	expresion : expresion . MENORQ expresion  (93)
	expresion : expresion . DIST expresion  (94)
	expresion : expresion . II expresion  (95)

	PYC  shift 173
	MAYORIQ  shift 100
	MENORIQ  shift 101
	MAYORQ  shift 102
	MENORQ  shift 103
	DIST  shift 104
	II  shift 105
	SUM  shift 106
	RES  shift 107
	MUL  shift 108
	DIV  shift 109
	AND  shift 110
	OR  shift 111
	.  error


state 129
	sentencias : sentencia .  (72)

	.  reduce 72


state 130
	sentencia : switch .  (50)

	.  reduce 50


state 131
	sentencia : if .  (51)

	.  reduce 51


state 132
	sentencia : while .  (52)

	.  reduce 52


state 133
	sentencia : in .  (53)

	.  reduce 53


state 134
	sentencia : out .  (54)

	.  reduce 54


state 135
	sentencia : llamada_proc .  (56)

	.  reduce 56


state 136
	sentencia : llamada_conjunto . PYC  (57)

	PYC  shift 174
	.  error


state 137
	sentencia : imprimir_tabla .  (59)

	.  reduce 59


state 138
	sentencias : sentencias . sentencia  (71)
	cuerpo : LLIZ sentencias . LLDE  (126)

	ID  shift 175
	NUM  shift 70
	REAL  shift 71
	STRING  shift 72
	TRUE  shift 73
	FALSE  shift 74
	CARACTER  shift 75
	EMPTY  shift 76
	LENGTH  shift 77
	VOID  shift 117
	SWITCH  shift 118
	WHILE  shift 119
	IF  shift 120
	IN  shift 121
	OUT  shift 122
	CREATE  shift 78
	DELETE  shift 123
	PIZ  shift 79
	IMPRIMIR_TABLA  shift 124
	LLDE  shift 176
	COMPC  shift 80
	NEGEXP  shift 81
	.  error

	proc  goto 127
	expresion  goto 128
	sentencia  goto 177
	switch  goto 130
	if  goto 131
	while  goto 132
	in  goto 133
	out  goto 134
	llamada_proc  goto 135
	llamada_conjunto  goto 136
	imprimir_tabla  goto 137
	crea_conjunto  goto 83
	llamada_complementario  goto 84
	llamada_sivacio  goto 85
	llamada_length  goto 86
	inserta_conjunto  goto 139
	saca_conjunto  goto 140
	destruye_conjunto  goto 141


state 139
	llamada_conjunto : inserta_conjunto .  (129)

	.  reduce 129


state 140
	llamada_conjunto : saca_conjunto .  (130)

	.  reduce 130


state 141
	llamada_conjunto : destruye_conjunto .  (131)

	.  reduce 131


state 142
	expresion : expresion . SUM expresion  (84)
	expresion : expresion . RES expresion  (85)
	expresion : expresion . MUL expresion  (86)
	expresion : expresion . DIV expresion  (87)
	expresion : expresion . AND expresion  (88)
	expresion : expresion . OR expresion  (89)
	expresion : expresion . MAYORIQ expresion  (90)
	expresion : expresion . MENORIQ expresion  (91)
	expresion : expresion . MAYORQ expresion  (92)
	expresion : expresion . MENORQ expresion  (93)
	expresion : expresion . DIST expresion  (94)
	expresion : expresion . II expresion  (95)
	expresion : ID ASI expresion .  (109)

	MAYORIQ  shift 100
	MENORIQ  shift 101
	MAYORQ  shift 102
	MENORQ  shift 103
	DIST  shift 104
	II  shift 105
	SUM  shift 106
	RES  shift 107
	MUL  shift 108
	DIV  shift 109
	AND  shift 110
	OR  shift 111
	ID  reduce 109
	NUM  reduce 109
	REAL  reduce 109
	STRING  reduce 109
	TRUE  reduce 109
	FALSE  reduce 109
	CARACTER  reduce 109
	EMPTY  reduce 109
	LENGTH  reduce 109
	VOID  reduce 109
	SWITCH  reduce 109
	WHILE  reduce 109
	IF  reduce 109
	IN  reduce 109
	OUT  reduce 109
	CREATE  reduce 109
	DELETE  reduce 109
	PIZ  reduce 109
	PDE  reduce 109
	IMPRIMIR_TABLA  reduce 109
	LLIZ  reduce 109
	PYC  reduce 109
	COMA  reduce 109
	COMPC  reduce 109
	NEGEXP  reduce 109


state 143
	llamada_sivacio : EMPTY PIZ ID . PDE  (134)

	PDE  shift 178
	.  error


state 144
	llamada_length : LENGTH PIZ ID . PDE  (135)

	PDE  shift 179
	.  error


state 145
	crea_conjunto : CREATE PIZ PDE .  (132)

	.  reduce 132


state 146
	expresion : PIZ expresion PDE .  (97)

	.  reduce 97


state 147
	expresion : expresion . SUM expresion  (84)
	expresion : expresion . RES expresion  (85)
	expresion : expresion . MUL expresion  (86)
	expresion : expresion . DIV expresion  (87)
	expresion : expresion . AND expresion  (88)
	expresion : expresion . OR expresion  (89)
	expresion : expresion . MAYORIQ expresion  (90)
	expresion : expresion MAYORIQ expresion .  (90)
	expresion : expresion . MENORIQ expresion  (91)
	expresion : expresion . MAYORQ expresion  (92)
	expresion : expresion . MENORQ expresion  (93)
	expresion : expresion . DIST expresion  (94)
	expresion : expresion . II expresion  (95)

	SUM  shift 106
	RES  shift 107
	MUL  shift 108
	DIV  shift 109
	AND  shift 110
	OR  shift 111
	ID  reduce 90
	NUM  reduce 90
	REAL  reduce 90
	STRING  reduce 90
	TRUE  reduce 90
	FALSE  reduce 90
	CARACTER  reduce 90
	EMPTY  reduce 90
	LENGTH  reduce 90
	VOID  reduce 90
	SWITCH  reduce 90
	WHILE  reduce 90
	IF  reduce 90
	IN  reduce 90
	OUT  reduce 90
	CREATE  reduce 90
	DELETE  reduce 90
	PIZ  reduce 90
	PDE  reduce 90
	IMPRIMIR_TABLA  reduce 90
	LLIZ  reduce 90
	PYC  reduce 90
	COMA  reduce 90
	MAYORIQ  reduce 90
	MENORIQ  reduce 90
	MAYORQ  reduce 90
	MENORQ  reduce 90
	DIST  reduce 90
	II  reduce 90
	COMPC  reduce 90
	NEGEXP  reduce 90


state 148
	expresion : expresion . SUM expresion  (84)
	expresion : expresion . RES expresion  (85)
	expresion : expresion . MUL expresion  (86)
	expresion : expresion . DIV expresion  (87)
	expresion : expresion . AND expresion  (88)
	expresion : expresion . OR expresion  (89)
	expresion : expresion . MAYORIQ expresion  (90)
	expresion : expresion . MENORIQ expresion  (91)
	expresion : expresion MENORIQ expresion .  (91)
	expresion : expresion . MAYORQ expresion  (92)
	expresion : expresion . MENORQ expresion  (93)
	expresion : expresion . DIST expresion  (94)
	expresion : expresion . II expresion  (95)

	SUM  shift 106
	RES  shift 107
	MUL  shift 108
	DIV  shift 109
	AND  shift 110
	OR  shift 111
	ID  reduce 91
	NUM  reduce 91
	REAL  reduce 91
	STRING  reduce 91
	TRUE  reduce 91
	FALSE  reduce 91
	CARACTER  reduce 91
	EMPTY  reduce 91
	LENGTH  reduce 91
	VOID  reduce 91
	SWITCH  reduce 91
	WHILE  reduce 91
	IF  reduce 91
	IN  reduce 91
	OUT  reduce 91
	CREATE  reduce 91
	DELETE  reduce 91
	PIZ  reduce 91
	PDE  reduce 91
	IMPRIMIR_TABLA  reduce 91
	LLIZ  reduce 91
	PYC  reduce 91
	COMA  reduce 91
	MAYORIQ  reduce 91
	MENORIQ  reduce 91
	MAYORQ  reduce 91
	MENORQ  reduce 91
	DIST  reduce 91
	II  reduce 91
	COMPC  reduce 91
	NEGEXP  reduce 91


state 149
	expresion : expresion . SUM expresion  (84)
	expresion : expresion . RES expresion  (85)
	expresion : expresion . MUL expresion  (86)
	expresion : expresion . DIV expresion  (87)
	expresion : expresion . AND expresion  (88)
	expresion : expresion . OR expresion  (89)
	expresion : expresion . MAYORIQ expresion  (90)
	expresion : expresion . MENORIQ expresion  (91)
	expresion : expresion . MAYORQ expresion  (92)
	expresion : expresion MAYORQ expresion .  (92)
	expresion : expresion . MENORQ expresion  (93)
	expresion : expresion . DIST expresion  (94)
	expresion : expresion . II expresion  (95)

	SUM  shift 106
	RES  shift 107
	MUL  shift 108
	DIV  shift 109
	AND  shift 110
	OR  shift 111
	ID  reduce 92
	NUM  reduce 92
	REAL  reduce 92
	STRING  reduce 92
	TRUE  reduce 92
	FALSE  reduce 92
	CARACTER  reduce 92
	EMPTY  reduce 92
	LENGTH  reduce 92
	VOID  reduce 92
	SWITCH  reduce 92
	WHILE  reduce 92
	IF  reduce 92
	IN  reduce 92
	OUT  reduce 92
	CREATE  reduce 92
	DELETE  reduce 92
	PIZ  reduce 92
	PDE  reduce 92
	IMPRIMIR_TABLA  reduce 92
	LLIZ  reduce 92
	PYC  reduce 92
	COMA  reduce 92
	MAYORIQ  reduce 92
	MENORIQ  reduce 92
	MAYORQ  reduce 92
	MENORQ  reduce 92
	DIST  reduce 92
	II  reduce 92
	COMPC  reduce 92
	NEGEXP  reduce 92


state 150
	expresion : expresion . SUM expresion  (84)
	expresion : expresion . RES expresion  (85)
	expresion : expresion . MUL expresion  (86)
	expresion : expresion . DIV expresion  (87)
	expresion : expresion . AND expresion  (88)
	expresion : expresion . OR expresion  (89)
	expresion : expresion . MAYORIQ expresion  (90)
	expresion : expresion . MENORIQ expresion  (91)
	expresion : expresion . MAYORQ expresion  (92)
	expresion : expresion . MENORQ expresion  (93)
	expresion : expresion MENORQ expresion .  (93)
	expresion : expresion . DIST expresion  (94)
	expresion : expresion . II expresion  (95)

	SUM  shift 106
	RES  shift 107
	MUL  shift 108
	DIV  shift 109
	AND  shift 110
	OR  shift 111
	ID  reduce 93
	NUM  reduce 93
	REAL  reduce 93
	STRING  reduce 93
	TRUE  reduce 93
	FALSE  reduce 93
	CARACTER  reduce 93
	EMPTY  reduce 93
	LENGTH  reduce 93
	VOID  reduce 93
	SWITCH  reduce 93
	WHILE  reduce 93
	IF  reduce 93
	IN  reduce 93
	OUT  reduce 93
	CREATE  reduce 93
	DELETE  reduce 93
	PIZ  reduce 93
	PDE  reduce 93
	IMPRIMIR_TABLA  reduce 93
	LLIZ  reduce 93
	PYC  reduce 93
	COMA  reduce 93
	MAYORIQ  reduce 93
	MENORIQ  reduce 93
	MAYORQ  reduce 93
	MENORQ  reduce 93
	DIST  reduce 93
	II  reduce 93
	COMPC  reduce 93
	NEGEXP  reduce 93


state 151
	expresion : expresion . SUM expresion  (84)
	expresion : expresion . RES expresion  (85)
	expresion : expresion . MUL expresion  (86)
	expresion : expresion . DIV expresion  (87)
	expresion : expresion . AND expresion  (88)
	expresion : expresion . OR expresion  (89)
	expresion : expresion . MAYORIQ expresion  (90)
	expresion : expresion . MENORIQ expresion  (91)
	expresion : expresion . MAYORQ expresion  (92)
	expresion : expresion . MENORQ expresion  (93)
	expresion : expresion . DIST expresion  (94)
	expresion : expresion DIST expresion .  (94)
	expresion : expresion . II expresion  (95)

	SUM  shift 106
	RES  shift 107
	MUL  shift 108
	DIV  shift 109
	AND  shift 110
	OR  shift 111
	ID  reduce 94
	NUM  reduce 94
	REAL  reduce 94
	STRING  reduce 94
	TRUE  reduce 94
	FALSE  reduce 94
	CARACTER  reduce 94
	EMPTY  reduce 94
	LENGTH  reduce 94
	VOID  reduce 94
	SWITCH  reduce 94
	WHILE  reduce 94
	IF  reduce 94
	IN  reduce 94
	OUT  reduce 94
	CREATE  reduce 94
	DELETE  reduce 94
	PIZ  reduce 94
	PDE  reduce 94
	IMPRIMIR_TABLA  reduce 94
	LLIZ  reduce 94
	PYC  reduce 94
	COMA  reduce 94
	MAYORIQ  reduce 94
	MENORIQ  reduce 94
	MAYORQ  reduce 94
	MENORQ  reduce 94
	DIST  reduce 94
	II  reduce 94
	COMPC  reduce 94
	NEGEXP  reduce 94


state 152
	expresion : expresion . SUM expresion  (84)
	expresion : expresion . RES expresion  (85)
	expresion : expresion . MUL expresion  (86)
	expresion : expresion . DIV expresion  (87)
	expresion : expresion . AND expresion  (88)
	expresion : expresion . OR expresion  (89)
	expresion : expresion . MAYORIQ expresion  (90)
	expresion : expresion . MENORIQ expresion  (91)
	expresion : expresion . MAYORQ expresion  (92)
	expresion : expresion . MENORQ expresion  (93)
	expresion : expresion . DIST expresion  (94)
	expresion : expresion . II expresion  (95)
	expresion : expresion II expresion .  (95)

	SUM  shift 106
	RES  shift 107
	MUL  shift 108
	DIV  shift 109
	AND  shift 110
	OR  shift 111
	ID  reduce 95
	NUM  reduce 95
	REAL  reduce 95
	STRING  reduce 95
	TRUE  reduce 95
	FALSE  reduce 95
	CARACTER  reduce 95
	EMPTY  reduce 95
	LENGTH  reduce 95
	VOID  reduce 95
	SWITCH  reduce 95
	WHILE  reduce 95
	IF  reduce 95
	IN  reduce 95
	OUT  reduce 95
	CREATE  reduce 95
	DELETE  reduce 95
	PIZ  reduce 95
	PDE  reduce 95
	IMPRIMIR_TABLA  reduce 95
	LLIZ  reduce 95
	PYC  reduce 95
	COMA  reduce 95
	MAYORIQ  reduce 95
	MENORIQ  reduce 95
	MAYORQ  reduce 95
	MENORQ  reduce 95
	DIST  reduce 95
	II  reduce 95
	COMPC  reduce 95
	NEGEXP  reduce 95


state 153
	expresion : expresion . SUM expresion  (84)
	expresion : expresion SUM expresion .  (84)
	expresion : expresion . RES expresion  (85)
	expresion : expresion . MUL expresion  (86)
	expresion : expresion . DIV expresion  (87)
	expresion : expresion . AND expresion  (88)
	expresion : expresion . OR expresion  (89)
	expresion : expresion . MAYORIQ expresion  (90)
	expresion : expresion . MENORIQ expresion  (91)
	expresion : expresion . MAYORQ expresion  (92)
	expresion : expresion . MENORQ expresion  (93)
	expresion : expresion . DIST expresion  (94)
	expresion : expresion . II expresion  (95)

	MUL  shift 108
	DIV  shift 109
	AND  shift 110
	OR  shift 111
	ID  reduce 84
	NUM  reduce 84
	REAL  reduce 84
	STRING  reduce 84
	TRUE  reduce 84
	FALSE  reduce 84
	CARACTER  reduce 84
	EMPTY  reduce 84
	LENGTH  reduce 84
	VOID  reduce 84
	SWITCH  reduce 84
	WHILE  reduce 84
	IF  reduce 84
	IN  reduce 84
	OUT  reduce 84
	CREATE  reduce 84
	DELETE  reduce 84
	PIZ  reduce 84
	PDE  reduce 84
	IMPRIMIR_TABLA  reduce 84
	LLIZ  reduce 84
	PYC  reduce 84
	COMA  reduce 84
	MAYORIQ  reduce 84
	MENORIQ  reduce 84
	MAYORQ  reduce 84
	MENORQ  reduce 84
	DIST  reduce 84
	II  reduce 84
	SUM  reduce 84
	RES  reduce 84
	COMPC  reduce 84
	NEGEXP  reduce 84


state 154
	expresion : expresion . SUM expresion  (84)
	expresion : expresion . RES expresion  (85)
	expresion : expresion RES expresion .  (85)
	expresion : expresion . MUL expresion  (86)
	expresion : expresion . DIV expresion  (87)
	expresion : expresion . AND expresion  (88)
	expresion : expresion . OR expresion  (89)
	expresion : expresion . MAYORIQ expresion  (90)
	expresion : expresion . MENORIQ expresion  (91)
	expresion : expresion . MAYORQ expresion  (92)
	expresion : expresion . MENORQ expresion  (93)
	expresion : expresion . DIST expresion  (94)
	expresion : expresion . II expresion  (95)

	MUL  shift 108
	DIV  shift 109
	AND  shift 110
	OR  shift 111
	ID  reduce 85
	NUM  reduce 85
	REAL  reduce 85
	STRING  reduce 85
	TRUE  reduce 85
	FALSE  reduce 85
	CARACTER  reduce 85
	EMPTY  reduce 85
	LENGTH  reduce 85
	VOID  reduce 85
	SWITCH  reduce 85
	WHILE  reduce 85
	IF  reduce 85
	IN  reduce 85
	OUT  reduce 85
	CREATE  reduce 85
	DELETE  reduce 85
	PIZ  reduce 85
	PDE  reduce 85
	IMPRIMIR_TABLA  reduce 85
	LLIZ  reduce 85
	PYC  reduce 85
	COMA  reduce 85
	MAYORIQ  reduce 85
	MENORIQ  reduce 85
	MAYORQ  reduce 85
	MENORQ  reduce 85
	DIST  reduce 85
	II  reduce 85
	SUM  reduce 85
	RES  reduce 85
	COMPC  reduce 85
	NEGEXP  reduce 85


state 155
	expresion : expresion . SUM expresion  (84)
	expresion : expresion . RES expresion  (85)
	expresion : expresion . MUL expresion  (86)
	expresion : expresion MUL expresion .  (86)
	expresion : expresion . DIV expresion  (87)
	expresion : expresion . AND expresion  (88)
	expresion : expresion . OR expresion  (89)
	expresion : expresion . MAYORIQ expresion  (90)
	expresion : expresion . MENORIQ expresion  (91)
	expresion : expresion . MAYORQ expresion  (92)
	expresion : expresion . MENORQ expresion  (93)
	expresion : expresion . DIST expresion  (94)
	expresion : expresion . II expresion  (95)

	AND  shift 110
	OR  shift 111
	ID  reduce 86
	NUM  reduce 86
	REAL  reduce 86
	STRING  reduce 86
	TRUE  reduce 86
	FALSE  reduce 86
	CARACTER  reduce 86
	EMPTY  reduce 86
	LENGTH  reduce 86
	VOID  reduce 86
	SWITCH  reduce 86
	WHILE  reduce 86
	IF  reduce 86
	IN  reduce 86
	OUT  reduce 86
	CREATE  reduce 86
	DELETE  reduce 86
	PIZ  reduce 86
	PDE  reduce 86
	IMPRIMIR_TABLA  reduce 86
	LLIZ  reduce 86
	PYC  reduce 86
	COMA  reduce 86
	MAYORIQ  reduce 86
	MENORIQ  reduce 86
	MAYORQ  reduce 86
	MENORQ  reduce 86
	DIST  reduce 86
	II  reduce 86
	SUM  reduce 86
	RES  reduce 86
	MUL  reduce 86
	DIV  reduce 86
	COMPC  reduce 86
	NEGEXP  reduce 86


state 156
	expresion : expresion . SUM expresion  (84)
	expresion : expresion . RES expresion  (85)
	expresion : expresion . MUL expresion  (86)
	expresion : expresion . DIV expresion  (87)
	expresion : expresion DIV expresion .  (87)
	expresion : expresion . AND expresion  (88)
	expresion : expresion . OR expresion  (89)
	expresion : expresion . MAYORIQ expresion  (90)
	expresion : expresion . MENORIQ expresion  (91)
	expresion : expresion . MAYORQ expresion  (92)
	expresion : expresion . MENORQ expresion  (93)
	expresion : expresion . DIST expresion  (94)
	expresion : expresion . II expresion  (95)

	AND  shift 110
	OR  shift 111
	ID  reduce 87
	NUM  reduce 87
	REAL  reduce 87
	STRING  reduce 87
	TRUE  reduce 87
	FALSE  reduce 87
	CARACTER  reduce 87
	EMPTY  reduce 87
	LENGTH  reduce 87
	VOID  reduce 87
	SWITCH  reduce 87
	WHILE  reduce 87
	IF  reduce 87
	IN  reduce 87
	OUT  reduce 87
	CREATE  reduce 87
	DELETE  reduce 87
	PIZ  reduce 87
	PDE  reduce 87
	IMPRIMIR_TABLA  reduce 87
	LLIZ  reduce 87
	PYC  reduce 87
	COMA  reduce 87
	MAYORIQ  reduce 87
	MENORIQ  reduce 87
	MAYORQ  reduce 87
	MENORQ  reduce 87
	DIST  reduce 87
	II  reduce 87
	SUM  reduce 87
	RES  reduce 87
	MUL  reduce 87
	DIV  reduce 87
	COMPC  reduce 87
	NEGEXP  reduce 87


state 157
	expresion : expresion . SUM expresion  (84)
	expresion : expresion . RES expresion  (85)
	expresion : expresion . MUL expresion  (86)
	expresion : expresion . DIV expresion  (87)
	expresion : expresion . AND expresion  (88)
	expresion : expresion AND expresion .  (88)
	expresion : expresion . OR expresion  (89)
	expresion : expresion . MAYORIQ expresion  (90)
	expresion : expresion . MENORIQ expresion  (91)
	expresion : expresion . MAYORQ expresion  (92)
	expresion : expresion . MENORQ expresion  (93)
	expresion : expresion . DIST expresion  (94)
	expresion : expresion . II expresion  (95)

	.  reduce 88


state 158
	expresion : expresion . SUM expresion  (84)
	expresion : expresion . RES expresion  (85)
	expresion : expresion . MUL expresion  (86)
	expresion : expresion . DIV expresion  (87)
	expresion : expresion . AND expresion  (88)
	expresion : expresion . OR expresion  (89)
	expresion : expresion OR expresion .  (89)
	expresion : expresion . MAYORIQ expresion  (90)
	expresion : expresion . MENORIQ expresion  (91)
	expresion : expresion . MAYORQ expresion  (92)
	expresion : expresion . MENORQ expresion  (93)
	expresion : expresion . DIST expresion  (94)
	expresion : expresion . II expresion  (95)

	.  reduce 89


state 159
	proc : VOID ID PIZ $$2 params PDE $$3 cuerpo .  (44)

	.  reduce 44


state 160
	params : params COMA tipo ID .  (48)

	.  reduce 48


state 161
	llamada_proc : ID PIZ . $$10 params_llamada $$11 PDE PYC  (119)
	llamada_proc : ID PIZ . PDE PYC  (120)
	$$10 : .  (117)

	PDE  shift 180
	ID  reduce 117
	NUM  reduce 117
	REAL  reduce 117
	STRING  reduce 117
	TRUE  reduce 117
	FALSE  reduce 117
	CARACTER  reduce 117
	EMPTY  reduce 117
	LENGTH  reduce 117
	CREATE  reduce 117
	PIZ  reduce 117
	COMPC  reduce 117
	NEGEXP  reduce 117

	$$10  goto 181


state 162
	inserta_conjunto : ID ADDC . expresion  (136)

	ID  shift 69
	NUM  shift 70
	REAL  shift 71
	STRING  shift 72
	TRUE  shift 73
	FALSE  shift 74
	CARACTER  shift 75
	EMPTY  shift 76
	LENGTH  shift 77
	CREATE  shift 78
	PIZ  shift 79
	COMPC  shift 80
	NEGEXP  shift 81
	.  error

	expresion  goto 182
	crea_conjunto  goto 83
	llamada_complementario  goto 84
	llamada_sivacio  goto 85
	llamada_length  goto 86


state 163
	saca_conjunto : ID MINC . expresion  (137)

	ID  shift 69
	NUM  shift 70
	REAL  shift 71
	STRING  shift 72
	TRUE  shift 73
	FALSE  shift 74
	CARACTER  shift 75
	EMPTY  shift 76
	LENGTH  shift 77
	CREATE  shift 78
	PIZ  shift 79
	COMPC  shift 80
	NEGEXP  shift 81
	.  error

	expresion  goto 183
	crea_conjunto  goto 83
	llamada_complementario  goto 84
	llamada_sivacio  goto 85
	llamada_length  goto 86


state 164
	switch : SWITCH PIZ . ID PDE LLIZ casos_s caso_defecto LLDE  (61)
	switch : SWITCH PIZ . ID PDE LLIZ caso_defecto LLDE  (62)
	switch : SWITCH PIZ . ID PDE LLIZ casos_s LLDE  (63)
	switch : SWITCH PIZ . ID PDE LLIZ LLDE  (64)

	ID  shift 184
	.  error


state 165
	while : WHILE PIZ . expresion PDE bloque  (110)
	while : WHILE PIZ . expresion PDE PYC  (111)

	ID  shift 69
	NUM  shift 70
	REAL  shift 71
	STRING  shift 72
	TRUE  shift 73
	FALSE  shift 74
	CARACTER  shift 75
	EMPTY  shift 76
	LENGTH  shift 77
	CREATE  shift 78
	PIZ  shift 79
	COMPC  shift 80
	NEGEXP  shift 81
	.  error

	expresion  goto 185
	crea_conjunto  goto 83
	llamada_complementario  goto 84
	llamada_sivacio  goto 85
	llamada_length  goto 86


state 166
	if : IF expresion . bloque ELSE $$9 bloque  (82)
	if : IF expresion . bloque  (83)
	expresion : expresion . SUM expresion  (84)
	expresion : expresion . RES expresion  (85)
	expresion : expresion . MUL expresion  (86)
	expresion : expresion . DIV expresion  (87)
	expresion : expresion . AND expresion  (88)
	expresion : expresion . OR expresion  (89)
	expresion : expresion . MAYORIQ expresion  (90)
	expresion : expresion . MENORIQ expresion  (91)
	expresion : expresion . MAYORQ expresion  (92)
	expresion : expresion . MENORQ expresion  (93)
	expresion : expresion . DIST expresion  (94)
	expresion : expresion . II expresion  (95)
	$$7 : .  (77)

	LLIZ  shift 186
	MAYORIQ  shift 100
	MENORIQ  shift 101
	MAYORQ  shift 102
	MENORQ  shift 103
	DIST  shift 104
	II  shift 105
	SUM  shift 106
	RES  shift 107
	MUL  shift 108
	DIV  shift 109
	AND  shift 110
	OR  shift 111
	ID  reduce 77
	NUM  reduce 77
	REAL  reduce 77
	STRING  reduce 77
	TRUE  reduce 77
	FALSE  reduce 77
	CARACTER  reduce 77
	EMPTY  reduce 77
	LENGTH  reduce 77
	VOID  reduce 77
	SWITCH  reduce 77
	WHILE  reduce 77
	IF  reduce 77
	IN  reduce 77
	OUT  reduce 77
	CREATE  reduce 77
	DELETE  reduce 77
	PIZ  reduce 77
	IMPRIMIR_TABLA  reduce 77
	COMPC  reduce 77
	NEGEXP  reduce 77

	bloque  goto 187
	$$7  goto 188


state 167
	in : IN PIZ . OP_INOUT COMA ID PDE PYC  (116)

	OP_INOUT  shift 189
	.  error


state 168
	out : OUT PIZ . STRING COMA ids PDE PYC  (112)
	out : OUT PIZ . STRING PDE PYC  (113)

	STRING  shift 190
	.  error


state 169
	destruye_conjunto : DELETE PIZ . ID PDE  (133)

	ID  shift 191
	.  error


state 170
	imprimir_tabla : IMPRIMIR_TABLA PYC .  (60)

	.  reduce 60


state 171
	cuerpo : LLIZ vars_s LLDE .  (127)

	.  reduce 127


state 172
	sentencias : sentencias . sentencia  (71)
	cuerpo : LLIZ vars_s sentencias . LLDE  (125)

	ID  shift 175
	NUM  shift 70
	REAL  shift 71
	STRING  shift 72
	TRUE  shift 73
	FALSE  shift 74
	CARACTER  shift 75
	EMPTY  shift 76
	LENGTH  shift 77
	VOID  shift 117
	SWITCH  shift 118
	WHILE  shift 119
	IF  shift 120
	IN  shift 121
	OUT  shift 122
	CREATE  shift 78
	DELETE  shift 123
	PIZ  shift 79
	IMPRIMIR_TABLA  shift 124
	LLDE  shift 192
	COMPC  shift 80
	NEGEXP  shift 81
	.  error

	proc  goto 127
	expresion  goto 128
	sentencia  goto 177
	switch  goto 130
	if  goto 131
	while  goto 132
	in  goto 133
	out  goto 134
	llamada_proc  goto 135
	llamada_conjunto  goto 136
	imprimir_tabla  goto 137
	crea_conjunto  goto 83
	llamada_complementario  goto 84
	llamada_sivacio  goto 85
	llamada_length  goto 86
	inserta_conjunto  goto 139
	saca_conjunto  goto 140
	destruye_conjunto  goto 141


state 173
	sentencia : expresion PYC .  (58)

	.  reduce 58


state 174
	sentencia : llamada_conjunto PYC .  (57)

	.  reduce 57


state 175
	expresion : ID .  (99)
	expresion : ID . ASI expresion  (109)
	llamada_proc : ID . PIZ $$10 params_llamada $$11 PDE PYC  (119)
	llamada_proc : ID . PIZ PDE PYC  (120)
	inserta_conjunto : ID . ADDC expresion  (136)
	saca_conjunto : ID . MINC expresion  (137)

	PIZ  shift 161
	ASI  shift 93
	ADDC  shift 162
	MINC  shift 163
	PYC  reduce 99
	MAYORIQ  reduce 99
	MENORIQ  reduce 99
	MAYORQ  reduce 99
	MENORQ  reduce 99
	DIST  reduce 99
	II  reduce 99
	SUM  reduce 99
	RES  reduce 99
	MUL  reduce 99
	DIV  reduce 99
	AND  reduce 99
	OR  reduce 99


state 176
	cuerpo : LLIZ sentencias LLDE .  (126)

	.  reduce 126


state 177
	sentencias : sentencias sentencia .  (71)

	.  reduce 71


state 178
	llamada_sivacio : EMPTY PIZ ID PDE .  (134)

	.  reduce 134


state 179
	llamada_length : LENGTH PIZ ID PDE .  (135)

	.  reduce 135


state 180
	llamada_proc : ID PIZ PDE . PYC  (120)

	PYC  shift 193
	.  error


state 181
	llamada_proc : ID PIZ $$10 . params_llamada $$11 PDE PYC  (119)

	ID  shift 69
	NUM  shift 70
	REAL  shift 71
	STRING  shift 72
	TRUE  shift 73
	FALSE  shift 74
	CARACTER  shift 75
	EMPTY  shift 76
	LENGTH  shift 77
	CREATE  shift 78
	PIZ  shift 79
	COMPC  shift 80
	NEGEXP  shift 81
	.  error

	expresion  goto 194
	crea_conjunto  goto 83
	llamada_complementario  goto 84
	llamada_sivacio  goto 85
	llamada_length  goto 86
	params_llamada  goto 195


state 182
	expresion : expresion . SUM expresion  (84)
	expresion : expresion . RES expresion  (85)
	expresion : expresion . MUL expresion  (86)
	expresion : expresion . DIV expresion  (87)
	expresion : expresion . AND expresion  (88)
	expresion : expresion . OR expresion  (89)
	expresion : expresion . MAYORIQ expresion  (90)
	expresion : expresion . MENORIQ expresion  (91)
	expresion : expresion . MAYORQ expresion  (92)
	expresion : expresion . MENORQ expresion  (93)
	expresion : expresion . DIST expresion  (94)
	expresion : expresion . II expresion  (95)
	inserta_conjunto : ID ADDC expresion .  (136)

	MAYORIQ  shift 100
	MENORIQ  shift 101
	MAYORQ  shift 102
	MENORQ  shift 103
	DIST  shift 104
	II  shift 105
	SUM  shift 106
	RES  shift 107
	MUL  shift 108
	DIV  shift 109
	AND  shift 110
	OR  shift 111
	PYC  reduce 136


state 183
	expresion : expresion . SUM expresion  (84)
	expresion : expresion . RES expresion  (85)
	expresion : expresion . MUL expresion  (86)
	expresion : expresion . DIV expresion  (87)
	expresion : expresion . AND expresion  (88)
	expresion : expresion . OR expresion  (89)
	expresion : expresion . MAYORIQ expresion  (90)
	expresion : expresion . MENORIQ expresion  (91)
	expresion : expresion . MAYORQ expresion  (92)
	expresion : expresion . MENORQ expresion  (93)
	expresion : expresion . DIST expresion  (94)
	expresion : expresion . II expresion  (95)
	saca_conjunto : ID MINC expresion .  (137)

	MAYORIQ  shift 100
	MENORIQ  shift 101
	MAYORQ  shift 102
	MENORQ  shift 103
	DIST  shift 104
	II  shift 105
	SUM  shift 106
	RES  shift 107
	MUL  shift 108
	DIV  shift 109
	AND  shift 110
	OR  shift 111
	PYC  reduce 137


state 184
	switch : SWITCH PIZ ID . PDE LLIZ casos_s caso_defecto LLDE  (61)
	switch : SWITCH PIZ ID . PDE LLIZ caso_defecto LLDE  (62)
	switch : SWITCH PIZ ID . PDE LLIZ casos_s LLDE  (63)
	switch : SWITCH PIZ ID . PDE LLIZ LLDE  (64)

	PDE  shift 196
	.  error


state 185
	expresion : expresion . SUM expresion  (84)
	expresion : expresion . RES expresion  (85)
	expresion : expresion . MUL expresion  (86)
	expresion : expresion . DIV expresion  (87)
	expresion : expresion . AND expresion  (88)
	expresion : expresion . OR expresion  (89)
	expresion : expresion . MAYORIQ expresion  (90)
	expresion : expresion . MENORIQ expresion  (91)
	expresion : expresion . MAYORQ expresion  (92)
	expresion : expresion . MENORQ expresion  (93)
	expresion : expresion . DIST expresion  (94)
	expresion : expresion . II expresion  (95)
	while : WHILE PIZ expresion . PDE bloque  (110)
	while : WHILE PIZ expresion . PDE PYC  (111)

	PDE  shift 197
	MAYORIQ  shift 100
	MENORIQ  shift 101
	MAYORQ  shift 102
	MENORQ  shift 103
	DIST  shift 104
	II  shift 105
	SUM  shift 106
	RES  shift 107
	MUL  shift 108
	DIV  shift 109
	AND  shift 110
	OR  shift 111
	.  error


state 186
	bloque : LLIZ . $$6 sentencias LLDE  (76)
	bloque : LLIZ . $$8 LLDE  (80)
	$$6 : .  (75)
	$$8 : .  (79)

	ID  reduce 75
	NUM  reduce 75
	REAL  reduce 75
	STRING  reduce 75
	TRUE  reduce 75
	FALSE  reduce 75
	CARACTER  reduce 75
	EMPTY  reduce 75
	LENGTH  reduce 75
	VOID  reduce 75
	SWITCH  reduce 75
	WHILE  reduce 75
	IF  reduce 75
	IN  reduce 75
	OUT  reduce 75
	CREATE  reduce 75
	DELETE  reduce 75
	PIZ  reduce 75
	IMPRIMIR_TABLA  reduce 75
	LLDE  reduce 79
	COMPC  reduce 75
	NEGEXP  reduce 75

	$$6  goto 198
	$$8  goto 199


187: shift/reduce conflict (shift 200, reduce 83) on ELSE
state 187
	if : IF expresion bloque . ELSE $$9 bloque  (82)
	if : IF expresion bloque .  (83)

	ELSE  shift 200
	ID  reduce 83
	NUM  reduce 83
	BREAK  reduce 83
	REAL  reduce 83
	STRING  reduce 83
	TRUE  reduce 83
	FALSE  reduce 83
	CARACTER  reduce 83
	EMPTY  reduce 83
	LENGTH  reduce 83
	VOID  reduce 83
	SWITCH  reduce 83
	WHILE  reduce 83
	IF  reduce 83
	IN  reduce 83
	OUT  reduce 83
	CREATE  reduce 83
	DELETE  reduce 83
	PIZ  reduce 83
	IMPRIMIR_TABLA  reduce 83
	LLDE  reduce 83
	COMPC  reduce 83
	NEGEXP  reduce 83


state 188
	bloque : $$7 . sentencia  (78)

	ID  shift 175
	NUM  shift 70
	REAL  shift 71
	STRING  shift 72
	TRUE  shift 73
	FALSE  shift 74
	CARACTER  shift 75
	EMPTY  shift 76
	LENGTH  shift 77
	VOID  shift 117
	SWITCH  shift 118
	WHILE  shift 119
	IF  shift 120
	IN  shift 121
	OUT  shift 122
	CREATE  shift 78
	DELETE  shift 123
	PIZ  shift 79
	IMPRIMIR_TABLA  shift 124
	COMPC  shift 80
	NEGEXP  shift 81
	.  error

	proc  goto 127
	expresion  goto 128
	sentencia  goto 201
	switch  goto 130
	if  goto 131
	while  goto 132
	in  goto 133
	out  goto 134
	llamada_proc  goto 135
	llamada_conjunto  goto 136
	imprimir_tabla  goto 137
	crea_conjunto  goto 83
	llamada_complementario  goto 84
	llamada_sivacio  goto 85
	llamada_length  goto 86
	inserta_conjunto  goto 139
	saca_conjunto  goto 140
	destruye_conjunto  goto 141


state 189
	in : IN PIZ OP_INOUT . COMA ID PDE PYC  (116)

	COMA  shift 202
	.  error


state 190
	out : OUT PIZ STRING . COMA ids PDE PYC  (112)
	out : OUT PIZ STRING . PDE PYC  (113)

	PDE  shift 203
	COMA  shift 204
	.  error


state 191
	destruye_conjunto : DELETE PIZ ID . PDE  (133)

	PDE  shift 205
	.  error


state 192
	cuerpo : LLIZ vars_s sentencias LLDE .  (125)

	.  reduce 125


state 193
	llamada_proc : ID PIZ PDE PYC .  (120)

	.  reduce 120


state 194
	expresion : expresion . SUM expresion  (84)
	expresion : expresion . RES expresion  (85)
	expresion : expresion . MUL expresion  (86)
	expresion : expresion . DIV expresion  (87)
	expresion : expresion . AND expresion  (88)
	expresion : expresion . OR expresion  (89)
	expresion : expresion . MAYORIQ expresion  (90)
	expresion : expresion . MENORIQ expresion  (91)
	expresion : expresion . MAYORQ expresion  (92)
	expresion : expresion . MENORQ expresion  (93)
	expresion : expresion . DIST expresion  (94)
	expresion : expresion . II expresion  (95)
	params_llamada : expresion .  (122)

	MAYORIQ  shift 100
	MENORIQ  shift 101
	MAYORQ  shift 102
	MENORQ  shift 103
	DIST  shift 104
	II  shift 105
	SUM  shift 106
	RES  shift 107
	MUL  shift 108
	DIV  shift 109
	AND  shift 110
	OR  shift 111
	PDE  reduce 122
	COMA  reduce 122


state 195
	llamada_proc : ID PIZ $$10 params_llamada . $$11 PDE PYC  (119)
	params_llamada : params_llamada . COMA expresion  (121)
	$$11 : .  (118)

	COMA  shift 206
	PDE  reduce 118

	$$11  goto 207


state 196
	switch : SWITCH PIZ ID PDE . LLIZ casos_s caso_defecto LLDE  (61)
	switch : SWITCH PIZ ID PDE . LLIZ caso_defecto LLDE  (62)
	switch : SWITCH PIZ ID PDE . LLIZ casos_s LLDE  (63)
	switch : SWITCH PIZ ID PDE . LLIZ LLDE  (64)

	LLIZ  shift 208
	.  error


state 197
	while : WHILE PIZ expresion PDE . bloque  (110)
	while : WHILE PIZ expresion PDE . PYC  (111)
	$$7 : .  (77)

	LLIZ  shift 186
	PYC  shift 209
	ID  reduce 77
	NUM  reduce 77
	REAL  reduce 77
	STRING  reduce 77
	TRUE  reduce 77
	FALSE  reduce 77
	CARACTER  reduce 77
	EMPTY  reduce 77
	LENGTH  reduce 77
	VOID  reduce 77
	SWITCH  reduce 77
	WHILE  reduce 77
	IF  reduce 77
	IN  reduce 77
	OUT  reduce 77
	CREATE  reduce 77
	DELETE  reduce 77
	PIZ  reduce 77
	IMPRIMIR_TABLA  reduce 77
	COMPC  reduce 77
	NEGEXP  reduce 77

	bloque  goto 210
	$$7  goto 188


state 198
	bloque : LLIZ $$6 . sentencias LLDE  (76)

	ID  shift 175
	NUM  shift 70
	REAL  shift 71
	STRING  shift 72
	TRUE  shift 73
	FALSE  shift 74
	CARACTER  shift 75
	EMPTY  shift 76
	LENGTH  shift 77
	VOID  shift 117
	SWITCH  shift 118
	WHILE  shift 119
	IF  shift 120
	IN  shift 121
	OUT  shift 122
	CREATE  shift 78
	DELETE  shift 123
	PIZ  shift 79
	IMPRIMIR_TABLA  shift 124
	COMPC  shift 80
	NEGEXP  shift 81
	.  error

	proc  goto 127
	expresion  goto 128
	sentencia  goto 129
	switch  goto 130
	if  goto 131
	while  goto 132
	in  goto 133
	out  goto 134
	llamada_proc  goto 135
	llamada_conjunto  goto 136
	imprimir_tabla  goto 137
	sentencias  goto 211
	crea_conjunto  goto 83
	llamada_complementario  goto 84
	llamada_sivacio  goto 85
	llamada_length  goto 86
	inserta_conjunto  goto 139
	saca_conjunto  goto 140
	destruye_conjunto  goto 141


state 199
	bloque : LLIZ $$8 . LLDE  (80)

	LLDE  shift 212
	.  error


state 200
	if : IF expresion bloque ELSE . $$9 bloque  (82)
	$$9 : .  (81)

	.  reduce 81

	$$9  goto 213


state 201
	bloque : $$7 sentencia .  (78)

	.  reduce 78


state 202
	in : IN PIZ OP_INOUT COMA . ID PDE PYC  (116)

	ID  shift 214
	.  error


state 203
	out : OUT PIZ STRING PDE . PYC  (113)

	PYC  shift 215
	.  error


state 204
	out : OUT PIZ STRING COMA . ids PDE PYC  (112)

	ID  shift 216
	.  error

	ids  goto 217


state 205
	destruye_conjunto : DELETE PIZ ID PDE .  (133)

	.  reduce 133


state 206
	params_llamada : params_llamada COMA . expresion  (121)

	ID  shift 69
	NUM  shift 70
	REAL  shift 71
	STRING  shift 72
	TRUE  shift 73
	FALSE  shift 74
	CARACTER  shift 75
	EMPTY  shift 76
	LENGTH  shift 77
	CREATE  shift 78
	PIZ  shift 79
	COMPC  shift 80
	NEGEXP  shift 81
	.  error

	expresion  goto 218
	crea_conjunto  goto 83
	llamada_complementario  goto 84
	llamada_sivacio  goto 85
	llamada_length  goto 86


state 207
	llamada_proc : ID PIZ $$10 params_llamada $$11 . PDE PYC  (119)

	PDE  shift 219
	.  error


state 208
	switch : SWITCH PIZ ID PDE LLIZ . casos_s caso_defecto LLDE  (61)
	switch : SWITCH PIZ ID PDE LLIZ . caso_defecto LLDE  (62)
	switch : SWITCH PIZ ID PDE LLIZ . casos_s LLDE  (63)
	switch : SWITCH PIZ ID PDE LLIZ . LLDE  (64)

	CASE  shift 220
	DEFAULT  shift 221
	LLDE  shift 222
	.  error

	casos_s  goto 223
	caso_defecto  goto 224


state 209
	while : WHILE PIZ expresion PDE PYC .  (111)

	.  reduce 111


state 210
	while : WHILE PIZ expresion PDE bloque .  (110)

	.  reduce 110


state 211
	sentencias : sentencias . sentencia  (71)
	bloque : LLIZ $$6 sentencias . LLDE  (76)

	ID  shift 175
	NUM  shift 70
	REAL  shift 71
	STRING  shift 72
	TRUE  shift 73
	FALSE  shift 74
	CARACTER  shift 75
	EMPTY  shift 76
	LENGTH  shift 77
	VOID  shift 117
	SWITCH  shift 118
	WHILE  shift 119
	IF  shift 120
	IN  shift 121
	OUT  shift 122
	CREATE  shift 78
	DELETE  shift 123
	PIZ  shift 79
	IMPRIMIR_TABLA  shift 124
	LLDE  shift 225
	COMPC  shift 80
	NEGEXP  shift 81
	.  error

	proc  goto 127
	expresion  goto 128
	sentencia  goto 177
	switch  goto 130
	if  goto 131
	while  goto 132
	in  goto 133
	out  goto 134
	llamada_proc  goto 135
	llamada_conjunto  goto 136
	imprimir_tabla  goto 137
	crea_conjunto  goto 83
	llamada_complementario  goto 84
	llamada_sivacio  goto 85
	llamada_length  goto 86
	inserta_conjunto  goto 139
	saca_conjunto  goto 140
	destruye_conjunto  goto 141


state 212
	bloque : LLIZ $$8 LLDE .  (80)

	.  reduce 80


state 213
	if : IF expresion bloque ELSE $$9 . bloque  (82)
	$$7 : .  (77)

	LLIZ  shift 186
	ID  reduce 77
	NUM  reduce 77
	REAL  reduce 77
	STRING  reduce 77
	TRUE  reduce 77
	FALSE  reduce 77
	CARACTER  reduce 77
	EMPTY  reduce 77
	LENGTH  reduce 77
	VOID  reduce 77
	SWITCH  reduce 77
	WHILE  reduce 77
	IF  reduce 77
	IN  reduce 77
	OUT  reduce 77
	CREATE  reduce 77
	DELETE  reduce 77
	PIZ  reduce 77
	IMPRIMIR_TABLA  reduce 77
	COMPC  reduce 77
	NEGEXP  reduce 77

	bloque  goto 226
	$$7  goto 188


state 214
	in : IN PIZ OP_INOUT COMA ID . PDE PYC  (116)

	PDE  shift 227
	.  error


state 215
	out : OUT PIZ STRING PDE PYC .  (113)

	.  reduce 113


state 216
	ids : ID .  (115)

	.  reduce 115


state 217
	out : OUT PIZ STRING COMA ids . PDE PYC  (112)
	ids : ids . COMA ID  (114)

	PDE  shift 228
	COMA  shift 229
	.  error


state 218
	expresion : expresion . SUM expresion  (84)
	expresion : expresion . RES expresion  (85)
	expresion : expresion . MUL expresion  (86)
	expresion : expresion . DIV expresion  (87)
	expresion : expresion . AND expresion  (88)
	expresion : expresion . OR expresion  (89)
	expresion : expresion . MAYORIQ expresion  (90)
	expresion : expresion . MENORIQ expresion  (91)
	expresion : expresion . MAYORQ expresion  (92)
	expresion : expresion . MENORQ expresion  (93)
	expresion : expresion . DIST expresion  (94)
	expresion : expresion . II expresion  (95)
	params_llamada : params_llamada COMA expresion .  (121)

	MAYORIQ  shift 100
	MENORIQ  shift 101
	MAYORQ  shift 102
	MENORQ  shift 103
	DIST  shift 104
	II  shift 105
	SUM  shift 106
	RES  shift 107
	MUL  shift 108
	DIV  shift 109
	AND  shift 110
	OR  shift 111
	PDE  reduce 121
	COMA  reduce 121


state 219
	llamada_proc : ID PIZ $$10 params_llamada $$11 PDE . PYC  (119)

	PYC  shift 230
	.  error


state 220
	casos_s : CASE . literal PUNTOS sentencias BREAK PYC  (66)
	casos_s : CASE . literal PUNTOS BREAK PYC  (68)

	NUM  shift 231
	CARACTER  shift 232
	.  error

	literal  goto 233


state 221
	caso_defecto : DEFAULT . PUNTOS sentencias  (73)
	caso_defecto : DEFAULT . PUNTOS  (74)

	PUNTOS  shift 234
	.  error


state 222
	switch : SWITCH PIZ ID PDE LLIZ LLDE .  (64)

	.  reduce 64


state 223
	switch : SWITCH PIZ ID PDE LLIZ casos_s . caso_defecto LLDE  (61)
	switch : SWITCH PIZ ID PDE LLIZ casos_s . LLDE  (63)
	casos_s : casos_s . CASE literal PUNTOS sentencias BREAK PYC  (65)
	casos_s : casos_s . CASE literal PUNTOS BREAK PYC  (67)

	CASE  shift 235
	DEFAULT  shift 221
	LLDE  shift 236
	.  error

	caso_defecto  goto 237


state 224
	switch : SWITCH PIZ ID PDE LLIZ caso_defecto . LLDE  (62)

	LLDE  shift 238
	.  error


state 225
	bloque : LLIZ $$6 sentencias LLDE .  (76)

	.  reduce 76


state 226
	if : IF expresion bloque ELSE $$9 bloque .  (82)

	.  reduce 82


state 227
	in : IN PIZ OP_INOUT COMA ID PDE . PYC  (116)

	PYC  shift 239
	.  error


state 228
	out : OUT PIZ STRING COMA ids PDE . PYC  (112)

	PYC  shift 240
	.  error


state 229
	ids : ids COMA . ID  (114)

	ID  shift 241
	.  error


state 230
	llamada_proc : ID PIZ $$10 params_llamada $$11 PDE PYC .  (119)

	.  reduce 119


state 231
	literal : NUM .  (69)

	.  reduce 69


state 232
	literal : CARACTER .  (70)

	.  reduce 70


state 233
	casos_s : CASE literal . PUNTOS sentencias BREAK PYC  (66)
	casos_s : CASE literal . PUNTOS BREAK PYC  (68)

	PUNTOS  shift 242
	.  error


state 234
	caso_defecto : DEFAULT PUNTOS . sentencias  (73)
	caso_defecto : DEFAULT PUNTOS .  (74)

	ID  shift 175
	NUM  shift 70
	REAL  shift 71
	STRING  shift 72
	TRUE  shift 73
	FALSE  shift 74
	CARACTER  shift 75
	EMPTY  shift 76
	LENGTH  shift 77
	VOID  shift 117
	SWITCH  shift 118
	WHILE  shift 119
	IF  shift 120
	IN  shift 121
	OUT  shift 122
	CREATE  shift 78
	DELETE  shift 123
	PIZ  shift 79
	IMPRIMIR_TABLA  shift 124
	COMPC  shift 80
	NEGEXP  shift 81
	LLDE  reduce 74

	proc  goto 127
	expresion  goto 128
	sentencia  goto 129
	switch  goto 130
	if  goto 131
	while  goto 132
	in  goto 133
	out  goto 134
	llamada_proc  goto 135
	llamada_conjunto  goto 136
	imprimir_tabla  goto 137
	sentencias  goto 243
	crea_conjunto  goto 83
	llamada_complementario  goto 84
	llamada_sivacio  goto 85
	llamada_length  goto 86
	inserta_conjunto  goto 139
	saca_conjunto  goto 140
	destruye_conjunto  goto 141


state 235
	casos_s : casos_s CASE . literal PUNTOS sentencias BREAK PYC  (65)
	casos_s : casos_s CASE . literal PUNTOS BREAK PYC  (67)

	NUM  shift 231
	CARACTER  shift 232
	.  error

	literal  goto 244


state 236
	switch : SWITCH PIZ ID PDE LLIZ casos_s LLDE .  (63)

	.  reduce 63


state 237
	switch : SWITCH PIZ ID PDE LLIZ casos_s caso_defecto . LLDE  (61)

	LLDE  shift 245
	.  error


state 238
	switch : SWITCH PIZ ID PDE LLIZ caso_defecto LLDE .  (62)

	.  reduce 62


state 239
	in : IN PIZ OP_INOUT COMA ID PDE PYC .  (116)

	.  reduce 116


state 240
	out : OUT PIZ STRING COMA ids PDE PYC .  (112)

	.  reduce 112


state 241
	ids : ids COMA ID .  (114)

	.  reduce 114


state 242
	casos_s : CASE literal PUNTOS . sentencias BREAK PYC  (66)
	casos_s : CASE literal PUNTOS . BREAK PYC  (68)

	ID  shift 175
	NUM  shift 70
	BREAK  shift 246
	REAL  shift 71
	STRING  shift 72
	TRUE  shift 73
	FALSE  shift 74
	CARACTER  shift 75
	EMPTY  shift 76
	LENGTH  shift 77
	VOID  shift 117
	SWITCH  shift 118
	WHILE  shift 119
	IF  shift 120
	IN  shift 121
	OUT  shift 122
	CREATE  shift 78
	DELETE  shift 123
	PIZ  shift 79
	IMPRIMIR_TABLA  shift 124
	COMPC  shift 80
	NEGEXP  shift 81
	.  error

	proc  goto 127
	expresion  goto 128
	sentencia  goto 129
	switch  goto 130
	if  goto 131
	while  goto 132
	in  goto 133
	out  goto 134
	llamada_proc  goto 135
	llamada_conjunto  goto 136
	imprimir_tabla  goto 137
	sentencias  goto 247
	crea_conjunto  goto 83
	llamada_complementario  goto 84
	llamada_sivacio  goto 85
	llamada_length  goto 86
	inserta_conjunto  goto 139
	saca_conjunto  goto 140
	destruye_conjunto  goto 141


state 243
	sentencias : sentencias . sentencia  (71)
	caso_defecto : DEFAULT PUNTOS sentencias .  (73)

	ID  shift 175
	NUM  shift 70
	REAL  shift 71
	STRING  shift 72
	TRUE  shift 73
	FALSE  shift 74
	CARACTER  shift 75
	EMPTY  shift 76
	LENGTH  shift 77
	VOID  shift 117
	SWITCH  shift 118
	WHILE  shift 119
	IF  shift 120
	IN  shift 121
	OUT  shift 122
	CREATE  shift 78
	DELETE  shift 123
	PIZ  shift 79
	IMPRIMIR_TABLA  shift 124
	COMPC  shift 80
	NEGEXP  shift 81
	LLDE  reduce 73

	proc  goto 127
	expresion  goto 128
	sentencia  goto 177
	switch  goto 130
	if  goto 131
	while  goto 132
	in  goto 133
	out  goto 134
	llamada_proc  goto 135
	llamada_conjunto  goto 136
	imprimir_tabla  goto 137
	crea_conjunto  goto 83
	llamada_complementario  goto 84
	llamada_sivacio  goto 85
	llamada_length  goto 86
	inserta_conjunto  goto 139
	saca_conjunto  goto 140
	destruye_conjunto  goto 141


state 244
	casos_s : casos_s CASE literal . PUNTOS sentencias BREAK PYC  (65)
	casos_s : casos_s CASE literal . PUNTOS BREAK PYC  (67)

	PUNTOS  shift 248
	.  error


state 245
	switch : SWITCH PIZ ID PDE LLIZ casos_s caso_defecto LLDE .  (61)

	.  reduce 61


state 246
	casos_s : CASE literal PUNTOS BREAK . PYC  (68)

	PYC  shift 249
	.  error


state 247
	casos_s : CASE literal PUNTOS sentencias . BREAK PYC  (66)
	sentencias : sentencias . sentencia  (71)

	ID  shift 175
	NUM  shift 70
	BREAK  shift 250
	REAL  shift 71
	STRING  shift 72
	TRUE  shift 73
	FALSE  shift 74
	CARACTER  shift 75
	EMPTY  shift 76
	LENGTH  shift 77
	VOID  shift 117
	SWITCH  shift 118
	WHILE  shift 119
	IF  shift 120
	IN  shift 121
	OUT  shift 122
	CREATE  shift 78
	DELETE  shift 123
	PIZ  shift 79
	IMPRIMIR_TABLA  shift 124
	COMPC  shift 80
	NEGEXP  shift 81
	.  error

	proc  goto 127
	expresion  goto 128
	sentencia  goto 177
	switch  goto 130
	if  goto 131
	while  goto 132
	in  goto 133
	out  goto 134
	llamada_proc  goto 135
	llamada_conjunto  goto 136
	imprimir_tabla  goto 137
	crea_conjunto  goto 83
	llamada_complementario  goto 84
	llamada_sivacio  goto 85
	llamada_length  goto 86
	inserta_conjunto  goto 139
	saca_conjunto  goto 140
	destruye_conjunto  goto 141


state 248
	casos_s : casos_s CASE literal PUNTOS . sentencias BREAK PYC  (65)
	casos_s : casos_s CASE literal PUNTOS . BREAK PYC  (67)

	ID  shift 175
	NUM  shift 70
	BREAK  shift 251
	REAL  shift 71
	STRING  shift 72
	TRUE  shift 73
	FALSE  shift 74
	CARACTER  shift 75
	EMPTY  shift 76
	LENGTH  shift 77
	VOID  shift 117
	SWITCH  shift 118
	WHILE  shift 119
	IF  shift 120
	IN  shift 121
	OUT  shift 122
	CREATE  shift 78
	DELETE  shift 123
	PIZ  shift 79
	IMPRIMIR_TABLA  shift 124
	COMPC  shift 80
	NEGEXP  shift 81
	.  error

	proc  goto 127
	expresion  goto 128
	sentencia  goto 129
	switch  goto 130
	if  goto 131
	while  goto 132
	in  goto 133
	out  goto 134
	llamada_proc  goto 135
	llamada_conjunto  goto 136
	imprimir_tabla  goto 137
	sentencias  goto 252
	crea_conjunto  goto 83
	llamada_complementario  goto 84
	llamada_sivacio  goto 85
	llamada_length  goto 86
	inserta_conjunto  goto 139
	saca_conjunto  goto 140
	destruye_conjunto  goto 141


state 249
	casos_s : CASE literal PUNTOS BREAK PYC .  (68)

	.  reduce 68


state 250
	casos_s : CASE literal PUNTOS sentencias BREAK . PYC  (66)

	PYC  shift 253
	.  error


state 251
	casos_s : casos_s CASE literal PUNTOS BREAK . PYC  (67)

	PYC  shift 254
	.  error


state 252
	casos_s : casos_s CASE literal PUNTOS sentencias . BREAK PYC  (65)
	sentencias : sentencias . sentencia  (71)

	ID  shift 175
	NUM  shift 70
	BREAK  shift 255
	REAL  shift 71
	STRING  shift 72
	TRUE  shift 73
	FALSE  shift 74
	CARACTER  shift 75
	EMPTY  shift 76
	LENGTH  shift 77
	VOID  shift 117
	SWITCH  shift 118
	WHILE  shift 119
	IF  shift 120
	IN  shift 121
	OUT  shift 122
	CREATE  shift 78
	DELETE  shift 123
	PIZ  shift 79
	IMPRIMIR_TABLA  shift 124
	COMPC  shift 80
	NEGEXP  shift 81
	.  error

	proc  goto 127
	expresion  goto 128
	sentencia  goto 177
	switch  goto 130
	if  goto 131
	while  goto 132
	in  goto 133
	out  goto 134
	llamada_proc  goto 135
	llamada_conjunto  goto 136
	imprimir_tabla  goto 137
	crea_conjunto  goto 83
	llamada_complementario  goto 84
	llamada_sivacio  goto 85
	llamada_length  goto 86
	inserta_conjunto  goto 139
	saca_conjunto  goto 140
	destruye_conjunto  goto 141


state 253
	casos_s : CASE literal PUNTOS sentencias BREAK PYC .  (66)

	.  reduce 66


state 254
	casos_s : casos_s CASE literal PUNTOS BREAK PYC .  (67)

	.  reduce 67


state 255
	casos_s : casos_s CASE literal PUNTOS sentencias BREAK . PYC  (65)

	PYC  shift 256
	.  error


state 256
	casos_s : casos_s CASE literal PUNTOS sentencias BREAK PYC .  (65)

	.  reduce 65


State 187 contains 1 shift/reduce conflict.


70 terminals, 58 nonterminals
139 grammar rules, 257 states
